This is pdfTeX, Version 3.141592653-2.6-1.40.26 (TeX Live 2024) (preloaded format=pdflatex 2025.2.8)  19 OCT 2025 21:49
entering extended mode
 restricted \write18 enabled.
 file:line:error style messages enabled.
 %&-line parsing enabled.
**"/Users/tejasmacipad/Desktop/Third_year/STT/lab6 and 7/Lab6-and-7_23110335/report/report.tex"
(/Users/tejasmacipad/Desktop/Third_year/STT/lab6 and 7/Lab6-and-7_23110335/report/report.tex
LaTeX2e <2023-11-01> patch level 1
L3 programming layer <2024-02-20>
(/usr/local/texlive/2024/texmf-dist/tex/latex/base/report.cls
Document Class: report 2023/05/17 v1.4n Standard LaTeX document class
(/usr/local/texlive/2024/texmf-dist/tex/latex/base/size12.clo
File: size12.clo 2023/05/17 v1.4n Standard LaTeX file (size option)
)
\c@part=\count188
\c@chapter=\count189
\c@section=\count190
\c@subsection=\count191
\c@subsubsection=\count192
\c@paragraph=\count193
\c@subparagraph=\count194
\c@figure=\count195
\c@table=\count196
\abovecaptionskip=\skip48
\belowcaptionskip=\skip49
\bibindent=\dimen140
) (/usr/local/texlive/2024/texmf-dist/tex/latex/base/inputenc.sty
Package: inputenc 2021/02/14 v1.3d Input encoding file
\inpenc@prehook=\toks17
\inpenc@posthook=\toks18
) (/usr/local/texlive/2024/texmf-dist/tex/latex/xcolor/xcolor.sty
Package: xcolor 2023/11/15 v3.01 LaTeX color extensions (UK)
 (/usr/local/texlive/2024/texmf-dist/tex/latex/graphics-cfg/color.cfg
File: color.cfg 2016/01/02 v1.6 sample color configuration
)
Package xcolor Info: Driver file: pdftex.def on input line 274.
 (/usr/local/texlive/2024/texmf-dist/tex/latex/graphics-def/pdftex.def
File: pdftex.def 2022/09/22 v1.2b Graphics/color driver for pdftex
) (/usr/local/texlive/2024/texmf-dist/tex/latex/graphics/mathcolor.ltx)
Package xcolor Info: Model `cmy' substituted by `cmy0' on input line 1350.
Package xcolor Info: Model `hsb' substituted by `rgb' on input line 1354.
Package xcolor Info: Model `RGB' extended on input line 1366.
Package xcolor Info: Model `HTML' substituted by `rgb' on input line 1368.
Package xcolor Info: Model `Hsb' substituted by `hsb' on input line 1369.
Package xcolor Info: Model `tHsb' substituted by `hsb' on input line 1370.
Package xcolor Info: Model `HSB' substituted by `hsb' on input line 1371.
Package xcolor Info: Model `Gray' substituted by `gray' on input line 1372.
Package xcolor Info: Model `wave' substituted by `hsb' on input line 1373.
) (/usr/local/texlive/2024/texmf-dist/tex/latex/tocloft/tocloft.sty
Package: tocloft 2017/08/31 v2.3i parameterised ToC, etc., typesetting
Package tocloft Info: The document has chapter divisions on input line 51.
\cftparskip=\skip50
\cftbeforetoctitleskip=\skip51
\cftaftertoctitleskip=\skip52
\cftbeforepartskip=\skip53
\cftpartnumwidth=\skip54
\cftpartindent=\skip55
\cftbeforechapskip=\skip56
\cftchapindent=\skip57
\cftchapnumwidth=\skip58
\cftbeforesecskip=\skip59
\cftsecindent=\skip60
\cftsecnumwidth=\skip61
\cftbeforesubsecskip=\skip62
\cftsubsecindent=\skip63
\cftsubsecnumwidth=\skip64
\cftbeforesubsubsecskip=\skip65
\cftsubsubsecindent=\skip66
\cftsubsubsecnumwidth=\skip67
\cftbeforeparaskip=\skip68
\cftparaindent=\skip69
\cftparanumwidth=\skip70
\cftbeforesubparaskip=\skip71
\cftsubparaindent=\skip72
\cftsubparanumwidth=\skip73
\cftbeforeloftitleskip=\skip74
\cftafterloftitleskip=\skip75
\cftbeforefigskip=\skip76
\cftfigindent=\skip77
\cftfignumwidth=\skip78
\c@lofdepth=\count197
\c@lotdepth=\count198
\cftbeforelottitleskip=\skip79
\cftafterlottitleskip=\skip80
\cftbeforetabskip=\skip81
\cfttabindent=\skip82
\cfttabnumwidth=\skip83
) (/usr/local/texlive/2024/texmf-dist/tex/latex/amsmath/amsmath.sty
Package: amsmath 2023/05/13 v2.17o AMS math features
\@mathmargin=\skip84

For additional information on amsmath, use the `?' option.
(/usr/local/texlive/2024/texmf-dist/tex/latex/amsmath/amstext.sty
Package: amstext 2021/08/26 v2.01 AMS text
 (/usr/local/texlive/2024/texmf-dist/tex/latex/amsmath/amsgen.sty
File: amsgen.sty 1999/11/30 v2.0 generic functions
\@emptytoks=\toks19
\ex@=\dimen141
)) (/usr/local/texlive/2024/texmf-dist/tex/latex/amsmath/amsbsy.sty
Package: amsbsy 1999/11/29 v1.2d Bold Symbols
\pmbraise@=\dimen142
) (/usr/local/texlive/2024/texmf-dist/tex/latex/amsmath/amsopn.sty
Package: amsopn 2022/04/08 v2.04 operator names
)
\inf@bad=\count199
LaTeX Info: Redefining \frac on input line 234.
\uproot@=\count266
\leftroot@=\count267
LaTeX Info: Redefining \overline on input line 399.
LaTeX Info: Redefining \colon on input line 410.
\classnum@=\count268
\DOTSCASE@=\count269
LaTeX Info: Redefining \ldots on input line 496.
LaTeX Info: Redefining \dots on input line 499.
LaTeX Info: Redefining \cdots on input line 620.
\Mathstrutbox@=\box51
\strutbox@=\box52
LaTeX Info: Redefining \big on input line 722.
LaTeX Info: Redefining \Big on input line 723.
LaTeX Info: Redefining \bigg on input line 724.
LaTeX Info: Redefining \Bigg on input line 725.
\big@size=\dimen143
LaTeX Font Info:    Redeclaring font encoding OML on input line 743.
LaTeX Font Info:    Redeclaring font encoding OMS on input line 744.
\macc@depth=\count270
LaTeX Info: Redefining \bmod on input line 905.
LaTeX Info: Redefining \pmod on input line 910.
LaTeX Info: Redefining \smash on input line 940.
LaTeX Info: Redefining \relbar on input line 970.
LaTeX Info: Redefining \Relbar on input line 971.
\c@MaxMatrixCols=\count271
\dotsspace@=\muskip16
\c@parentequation=\count272
\dspbrk@lvl=\count273
\tag@help=\toks20
\row@=\count274
\column@=\count275
\maxfields@=\count276
\andhelp@=\toks21
\eqnshift@=\dimen144
\alignsep@=\dimen145
\tagshift@=\dimen146
\tagwidth@=\dimen147
\totwidth@=\dimen148
\lineht@=\dimen149
\@envbody=\toks22
\multlinegap=\skip85
\multlinetaggap=\skip86
\mathdisplay@stack=\toks23
LaTeX Info: Redefining \[ on input line 2953.
LaTeX Info: Redefining \] on input line 2954.
) (/usr/local/texlive/2024/texmf-dist/tex/latex/hyperref/hyperref.sty
Package: hyperref 2024-01-20 v7.01h Hypertext links for LaTeX
 (/usr/local/texlive/2024/texmf-dist/tex/generic/iftex/iftex.sty
Package: iftex 2022/02/03 v1.0f TeX engine tests
) (/usr/local/texlive/2024/texmf-dist/tex/latex/graphics/keyval.sty
Package: keyval 2022/05/29 v1.15 key=value parser (DPC)
\KV@toks@=\toks24
) (/usr/local/texlive/2024/texmf-dist/tex/latex/kvsetkeys/kvsetkeys.sty
Package: kvsetkeys 2022-10-05 v1.19 Key value parser (HO)
) (/usr/local/texlive/2024/texmf-dist/tex/generic/kvdefinekeys/kvdefinekeys.sty
Package: kvdefinekeys 2019-12-19 v1.6 Define keys (HO)
) (/usr/local/texlive/2024/texmf-dist/tex/generic/pdfescape/pdfescape.sty
Package: pdfescape 2019/12/09 v1.15 Implements pdfTeX's escape features (HO)
 (/usr/local/texlive/2024/texmf-dist/tex/generic/ltxcmds/ltxcmds.sty
Package: ltxcmds 2023-12-04 v1.26 LaTeX kernel commands for general use (HO)
) (/usr/local/texlive/2024/texmf-dist/tex/generic/pdftexcmds/pdftexcmds.sty
Package: pdftexcmds 2020-06-27 v0.33 Utility functions of pdfTeX for LuaTeX (HO)
 (/usr/local/texlive/2024/texmf-dist/tex/generic/infwarerr/infwarerr.sty
Package: infwarerr 2019/12/03 v1.5 Providing info/warning/error messages (HO)
)
Package pdftexcmds Info: \pdf@primitive is available.
Package pdftexcmds Info: \pdf@ifprimitive is available.
Package pdftexcmds Info: \pdfdraftmode found.
)) (/usr/local/texlive/2024/texmf-dist/tex/latex/hycolor/hycolor.sty
Package: hycolor 2020-01-27 v1.10 Color options for hyperref/bookmark (HO)
) (/usr/local/texlive/2024/texmf-dist/tex/latex/auxhook/auxhook.sty
Package: auxhook 2019-12-17 v1.6 Hooks for auxiliary files (HO)
) (/usr/local/texlive/2024/texmf-dist/tex/latex/hyperref/nameref.sty
Package: nameref 2023-11-26 v2.56 Cross-referencing by name of section
 (/usr/local/texlive/2024/texmf-dist/tex/latex/refcount/refcount.sty
Package: refcount 2019/12/15 v3.6 Data extraction from label references (HO)
) (/usr/local/texlive/2024/texmf-dist/tex/generic/gettitlestring/gettitlestring.sty
Package: gettitlestring 2019/12/15 v1.6 Cleanup title references (HO)
 (/usr/local/texlive/2024/texmf-dist/tex/latex/kvoptions/kvoptions.sty
Package: kvoptions 2022-06-15 v3.15 Key value format for package options (HO)
))
\c@section@level=\count277
) (/usr/local/texlive/2024/texmf-dist/tex/latex/etoolbox/etoolbox.sty
Package: etoolbox 2020/10/05 v2.5k e-TeX tools for LaTeX (JAW)
\etb@tempcnta=\count278
)
\@linkdim=\dimen150
\Hy@linkcounter=\count279
\Hy@pagecounter=\count280
 (/usr/local/texlive/2024/texmf-dist/tex/latex/hyperref/pd1enc.def
File: pd1enc.def 2024-01-20 v7.01h Hyperref: PDFDocEncoding definition (HO)
Now handling font encoding PD1 ...
... no UTF-8 mapping file for font encoding PD1
) (/usr/local/texlive/2024/texmf-dist/tex/generic/intcalc/intcalc.sty
Package: intcalc 2019/12/15 v1.3 Expandable calculations with integers (HO)
)
\Hy@SavedSpaceFactor=\count281
 (/usr/local/texlive/2024/texmf-dist/tex/latex/hyperref/puenc.def
File: puenc.def 2024-01-20 v7.01h Hyperref: PDF Unicode definition (HO)
Now handling font encoding PU ...
... no UTF-8 mapping file for font encoding PU
)
Package hyperref Info: Hyper figures OFF on input line 4179.
Package hyperref Info: Link nesting OFF on input line 4184.
Package hyperref Info: Hyper index ON on input line 4187.
Package hyperref Info: Plain pages OFF on input line 4194.
Package hyperref Info: Backreferencing OFF on input line 4199.
Package hyperref Info: Implicit mode ON; LaTeX internals redefined.
Package hyperref Info: Bookmarks ON on input line 4446.
\c@Hy@tempcnt=\count282
 (/usr/local/texlive/2024/texmf-dist/tex/latex/url/url.sty
\Urlmuskip=\muskip17
Package: url 2013/09/16  ver 3.4  Verb mode for urls, etc.
)
LaTeX Info: Redefining \url on input line 4784.
\XeTeXLinkMargin=\dimen151
 (/usr/local/texlive/2024/texmf-dist/tex/generic/bitset/bitset.sty
Package: bitset 2019/12/09 v1.3 Handle bit-vector datatype (HO)
 (/usr/local/texlive/2024/texmf-dist/tex/generic/bigintcalc/bigintcalc.sty
Package: bigintcalc 2019/12/15 v1.5 Expandable calculations on big integers (HO)
))
\Fld@menulength=\count283
\Field@Width=\dimen152
\Fld@charsize=\dimen153
Package hyperref Info: Hyper figures OFF on input line 6063.
Package hyperref Info: Link nesting OFF on input line 6068.
Package hyperref Info: Hyper index ON on input line 6071.
Package hyperref Info: backreferencing OFF on input line 6078.
Package hyperref Info: Link coloring OFF on input line 6083.
Package hyperref Info: Link coloring with OCG OFF on input line 6088.
Package hyperref Info: PDF/A mode OFF on input line 6093.
 (/usr/local/texlive/2024/texmf-dist/tex/latex/base/atbegshi-ltx.sty
Package: atbegshi-ltx 2021/01/10 v1.0c Emulation of the original atbegshi
package with kernel methods
)
\Hy@abspage=\count284
\c@Item=\count285
\c@Hfootnote=\count286
)
Package hyperref Info: Driver (autodetected): hpdftex.
 (/usr/local/texlive/2024/texmf-dist/tex/latex/hyperref/hpdftex.def
File: hpdftex.def 2024-01-20 v7.01h Hyperref driver for pdfTeX
 (/usr/local/texlive/2024/texmf-dist/tex/latex/base/atveryend-ltx.sty
Package: atveryend-ltx 2020/08/19 v1.0a Emulation of the original atveryend package
with kernel methods
)
\Fld@listcount=\count287
\c@bookmark@seq@number=\count288
 (/usr/local/texlive/2024/texmf-dist/tex/latex/rerunfilecheck/rerunfilecheck.sty
Package: rerunfilecheck 2022-07-10 v1.10 Rerun checks for auxiliary files (HO)
 (/usr/local/texlive/2024/texmf-dist/tex/generic/uniquecounter/uniquecounter.sty
Package: uniquecounter 2019/12/15 v1.4 Provide unlimited unique counter (HO)
)
Package uniquecounter Info: New unique counter `rerunfilecheck' on input line 285.
)
\Hy@SectionHShift=\skip87
) (/usr/local/texlive/2024/texmf-dist/tex/latex/geometry/geometry.sty
Package: geometry 2020/01/02 v5.9 Page Geometry
 (/usr/local/texlive/2024/texmf-dist/tex/generic/iftex/ifvtex.sty
Package: ifvtex 2019/10/25 v1.7 ifvtex legacy package. Use iftex instead.
)
\Gm@cnth=\count289
\Gm@cntv=\count290
\c@Gm@tempcnt=\count291
\Gm@bindingoffset=\dimen154
\Gm@wd@mp=\dimen155
\Gm@odd@mp=\dimen156
\Gm@even@mp=\dimen157
\Gm@layoutwidth=\dimen158
\Gm@layoutheight=\dimen159
\Gm@layouthoffset=\dimen160
\Gm@layoutvoffset=\dimen161
\Gm@dimlist=\toks25
) (/usr/local/texlive/2024/texmf-dist/tex/latex/setspace/setspace.sty
Package: setspace 2022/12/04 v6.7b set line spacing
) (/usr/local/texlive/2024/texmf-dist/tex/latex/lm/lmodern.sty
Package: lmodern 2015/05/01 v1.6.1 Latin Modern Fonts
LaTeX Font Info:    Overwriting symbol font `operators' in version `normal'
(Font)                  OT1/cmr/m/n --> OT1/lmr/m/n on input line 22.
LaTeX Font Info:    Overwriting symbol font `letters' in version `normal'
(Font)                  OML/cmm/m/it --> OML/lmm/m/it on input line 23.
LaTeX Font Info:    Overwriting symbol font `symbols' in version `normal'
(Font)                  OMS/cmsy/m/n --> OMS/lmsy/m/n on input line 24.
LaTeX Font Info:    Overwriting symbol font `largesymbols' in version `normal'
(Font)                  OMX/cmex/m/n --> OMX/lmex/m/n on input line 25.
LaTeX Font Info:    Overwriting symbol font `operators' in version `bold'
(Font)                  OT1/cmr/bx/n --> OT1/lmr/bx/n on input line 26.
LaTeX Font Info:    Overwriting symbol font `letters' in version `bold'
(Font)                  OML/cmm/b/it --> OML/lmm/b/it on input line 27.
LaTeX Font Info:    Overwriting symbol font `symbols' in version `bold'
(Font)                  OMS/cmsy/b/n --> OMS/lmsy/b/n on input line 28.
LaTeX Font Info:    Overwriting symbol font `largesymbols' in version `bold'
(Font)                  OMX/cmex/m/n --> OMX/lmex/m/n on input line 29.
LaTeX Font Info:    Overwriting math alphabet `\mathbf' in version `normal'
(Font)                  OT1/cmr/bx/n --> OT1/lmr/bx/n on input line 31.
LaTeX Font Info:    Overwriting math alphabet `\mathsf' in version `normal'
(Font)                  OT1/cmss/m/n --> OT1/lmss/m/n on input line 32.
LaTeX Font Info:    Overwriting math alphabet `\mathit' in version `normal'
(Font)                  OT1/cmr/m/it --> OT1/lmr/m/it on input line 33.
LaTeX Font Info:    Overwriting math alphabet `\mathtt' in version `normal'
(Font)                  OT1/cmtt/m/n --> OT1/lmtt/m/n on input line 34.
LaTeX Font Info:    Overwriting math alphabet `\mathbf' in version `bold'
(Font)                  OT1/cmr/bx/n --> OT1/lmr/bx/n on input line 35.
LaTeX Font Info:    Overwriting math alphabet `\mathsf' in version `bold'
(Font)                  OT1/cmss/bx/n --> OT1/lmss/bx/n on input line 36.
LaTeX Font Info:    Overwriting math alphabet `\mathit' in version `bold'
(Font)                  OT1/cmr/bx/it --> OT1/lmr/bx/it on input line 37.
LaTeX Font Info:    Overwriting math alphabet `\mathtt' in version `bold'
(Font)                  OT1/cmtt/m/n --> OT1/lmtt/m/n on input line 38.
) (/usr/local/texlive/2024/texmf-dist/tex/latex/base/fontenc.sty
Package: fontenc 2021/04/29 v2.0v Standard LaTeX package
LaTeX Font Info:    Trying to load font information for T1+lmr on input line 112.
 (/usr/local/texlive/2024/texmf-dist/tex/latex/lm/t1lmr.fd
File: t1lmr.fd 2015/05/01 v1.6.1 Font defs for Latin Modern
)) (/usr/local/texlive/2024/texmf-dist/tex/latex/microtype/microtype.sty
Package: microtype 2023/03/13 v3.1a Micro-typographical refinements (RS)
\MT@toks=\toks26
\MT@tempbox=\box53
\MT@count=\count292
LaTeX Info: Redefining \noprotrusionifhmode on input line 1059.
LaTeX Info: Redefining \leftprotrusion on input line 1060.
\MT@prot@toks=\toks27
LaTeX Info: Redefining \rightprotrusion on input line 1078.
LaTeX Info: Redefining \textls on input line 1368.
\MT@outer@kern=\dimen162
LaTeX Info: Redefining \textmicrotypecontext on input line 1988.
\MT@listname@count=\count293
 (/usr/local/texlive/2024/texmf-dist/tex/latex/microtype/microtype-pdftex.def
File: microtype-pdftex.def 2023/03/13 v3.1a Definitions specific to pdftex (RS)
LaTeX Info: Redefining \lsstyle on input line 902.
LaTeX Info: Redefining \lslig on input line 902.
\MT@outer@space=\skip88
)
Package microtype Info: Loading configuration file microtype.cfg.
 (/usr/local/texlive/2024/texmf-dist/tex/latex/microtype/microtype.cfg
File: microtype.cfg 2023/03/13 v3.1a microtype main configuration file (RS)
)) (/usr/local/texlive/2024/texmf-dist/tex/latex/graphics/graphicx.sty
Package: graphicx 2021/09/16 v1.2d Enhanced LaTeX Graphics (DPC,SPQR)
 (/usr/local/texlive/2024/texmf-dist/tex/latex/graphics/graphics.sty
Package: graphics 2022/03/10 v1.4e Standard LaTeX Graphics (DPC,SPQR)
 (/usr/local/texlive/2024/texmf-dist/tex/latex/graphics/trig.sty
Package: trig 2021/08/11 v1.11 sin cos tan (DPC)
) (/usr/local/texlive/2024/texmf-dist/tex/latex/graphics-cfg/graphics.cfg
File: graphics.cfg 2016/06/04 v1.11 sample graphics configuration
)
Package graphics Info: Driver file: pdftex.def on input line 107.
)
\Gin@req@height=\dimen163
\Gin@req@width=\dimen164
) (/usr/local/texlive/2024/texmf-dist/tex/latex/enumitem/enumitem.sty
Package: enumitem 2019/06/20 v3.9 Customized lists
\labelindent=\skip89
\enit@outerparindent=\dimen165
\enit@toks=\toks28
\enit@inbox=\box54
\enit@count@id=\count294
\enitdp@description=\count295
) (/usr/local/texlive/2024/texmf-dist/tex/latex/titlesec/titlesec.sty
Package: titlesec 2023/10/27 v2.16 Sectioning titles
\ttl@box=\box55
\beforetitleunit=\skip90
\aftertitleunit=\skip91
\ttl@plus=\dimen166
\ttl@minus=\dimen167
\ttl@toksa=\toks29
\titlewidth=\dimen168
\titlewidthlast=\dimen169
\titlewidthfirst=\dimen170
) (/usr/local/texlive/2024/texmf-dist/tex/latex/ragged2e/ragged2e.sty
Package: ragged2e 2023/06/22 v3.6 ragged2e Package
\CenteringLeftskip=\skip92
\RaggedLeftLeftskip=\skip93
\RaggedRightLeftskip=\skip94
\CenteringRightskip=\skip95
\RaggedLeftRightskip=\skip96
\RaggedRightRightskip=\skip97
\CenteringParfillskip=\skip98
\RaggedLeftParfillskip=\skip99
\RaggedRightParfillskip=\skip100
\JustifyingParfillskip=\skip101
\CenteringParindent=\skip102
\RaggedLeftParindent=\skip103
\RaggedRightParindent=\skip104
\JustifyingParindent=\skip105
) (/usr/local/texlive/2024/texmf-dist/tex/latex/parskip/parskip.sty
Package: parskip 2021-03-14 v2.0h non-zero parskip adjustments
) (/usr/local/texlive/2024/texmf-dist/tex/latex/caption/caption.sty
Package: caption 2023/08/05 v3.6o Customizing captions (AR)
 (/usr/local/texlive/2024/texmf-dist/tex/latex/caption/caption3.sty
Package: caption3 2023/07/31 v2.4d caption3 kernel (AR)
\caption@tempdima=\dimen171
\captionmargin=\dimen172
\caption@leftmargin=\dimen173
\caption@rightmargin=\dimen174
\caption@width=\dimen175
\caption@indent=\dimen176
\caption@parindent=\dimen177
\caption@hangindent=\dimen178
Package caption Info: Standard document class detected.
)
\c@caption@flags=\count296
\c@continuedfloat=\count297
Package caption Info: hyperref package is loaded.
) (/usr/local/texlive/2024/texmf-dist/tex/latex/fancyhdr/fancyhdr.sty
Package: fancyhdr 2022/11/09 v4.1 Extensive control of page headers and footers
\f@nch@headwidth=\skip106
\f@nch@O@elh=\skip107
\f@nch@O@erh=\skip108
\f@nch@O@olh=\skip109
\f@nch@O@orh=\skip110
\f@nch@O@elf=\skip111
\f@nch@O@erf=\skip112
\f@nch@O@olf=\skip113
\f@nch@O@orf=\skip114
) (/usr/local/texlive/2024/texmf-dist/tex/latex/amsfonts/amssymb.sty
Package: amssymb 2013/01/14 v3.01 AMS font symbols
 (/usr/local/texlive/2024/texmf-dist/tex/latex/amsfonts/amsfonts.sty
Package: amsfonts 2013/01/14 v3.01 Basic AMSFonts support
\symAMSa=\mathgroup4
\symAMSb=\mathgroup5
LaTeX Font Info:    Redeclaring math symbol \hbar on input line 98.
LaTeX Font Info:    Overwriting math alphabet `\mathfrak' in version `bold'
(Font)                  U/euf/m/n --> U/euf/b/n on input line 106.
)) (/usr/local/texlive/2024/texmf-dist/tex/latex/float/float.sty
Package: float 2001/11/08 v1.3d Float enhancements (AL)
\c@float@type=\count298
\float@exts=\toks30
\float@box=\box56
\@float@everytoks=\toks31
\@floatcapt=\box57
) (/usr/local/texlive/2024/texmf-dist/tex/latex/pdfpages/pdfpages.sty
Package: pdfpages 2024/01/21 v0.5y Insert pages of external PDF documents (AM)
 (/usr/local/texlive/2024/texmf-dist/tex/latex/base/ifthen.sty
Package: ifthen 2022/04/13 v1.1d Standard LaTeX ifthen package (DPC)
) (/usr/local/texlive/2024/texmf-dist/tex/latex/tools/calc.sty
Package: calc 2023/07/08 v4.3 Infix arithmetic (KKT,FJ)
\calc@Acount=\count299
\calc@Bcount=\count300
\calc@Adimen=\dimen179
\calc@Bdimen=\dimen180
\calc@Askip=\skip115
\calc@Bskip=\skip116
LaTeX Info: Redefining \setlength on input line 80.
LaTeX Info: Redefining \addtolength on input line 81.
\calc@Ccount=\count301
\calc@Cskip=\skip117
) (/usr/local/texlive/2024/texmf-dist/tex/latex/eso-pic/eso-pic.sty
Package: eso-pic 2023/05/03 v3.0c eso-pic (RN)
\ESO@tempdima=\dimen181
\ESO@tempdimb=\dimen182
)
\AM@pagewidth=\dimen183
\AM@pageheight=\dimen184
\AM@fboxrule=\dimen185
 (/usr/local/texlive/2024/texmf-dist/tex/latex/pdfpages/pppdftex.def
File: pppdftex.def 2024/01/21 v0.5y Pdfpages driver for pdfTeX (AM)
)
\pdfpages@includegraphics@status=\count302
\AM@pagebox=\box58
\AM@global@opts=\toks32
\AM@pagecnt=\count303
\AM@toc@title=\toks33
\AM@lof@heading=\toks34
\c@AM@survey=\count304
\AM@templatesizebox=\box59
)
Package hyperref Info: Option `colorlinks' set `true' on input line 45.
 (/usr/local/texlive/2024/texmf-dist/tex/latex/l3backend/l3backend-pdftex.def
File: l3backend-pdftex.def 2024-02-20 L3 backend support: PDF output (pdfTeX)
\l__color_backend_stack_int=\count305
\l__pdf_internal_box=\box60
) (./report.aux)
\openout1 = `report.aux'.

LaTeX Font Info:    Checking defaults for OML/cmm/m/it on input line 78.
LaTeX Font Info:    ... okay on input line 78.
LaTeX Font Info:    Checking defaults for OMS/cmsy/m/n on input line 78.
LaTeX Font Info:    ... okay on input line 78.
LaTeX Font Info:    Checking defaults for OT1/cmr/m/n on input line 78.
LaTeX Font Info:    ... okay on input line 78.
LaTeX Font Info:    Checking defaults for T1/cmr/m/n on input line 78.
LaTeX Font Info:    ... okay on input line 78.
LaTeX Font Info:    Checking defaults for TS1/cmr/m/n on input line 78.
LaTeX Font Info:    ... okay on input line 78.
LaTeX Font Info:    Checking defaults for OMX/cmex/m/n on input line 78.
LaTeX Font Info:    ... okay on input line 78.
LaTeX Font Info:    Checking defaults for U/cmr/m/n on input line 78.
LaTeX Font Info:    ... okay on input line 78.
LaTeX Font Info:    Checking defaults for PD1/pdf/m/n on input line 78.
LaTeX Font Info:    ... okay on input line 78.
LaTeX Font Info:    Checking defaults for PU/pdf/m/n on input line 78.
LaTeX Font Info:    ... okay on input line 78.
 (/usr/local/texlive/2024/texmf-dist/tex/context/base/mkii/supp-pdf.mkii
[Loading MPS to PDF converter (version 2006.09.02).]
\scratchcounter=\count306
\scratchdimen=\dimen186
\scratchbox=\box61
\nofMPsegments=\count307
\nofMParguments=\count308
\everyMPshowfont=\toks35
\MPscratchCnt=\count309
\MPscratchDim=\dimen187
\MPnumerator=\count310
\makeMPintoPDFobject=\count311
\everyMPtoPDFconversion=\toks36
) (/usr/local/texlive/2024/texmf-dist/tex/latex/epstopdf-pkg/epstopdf-base.sty
Package: epstopdf-base 2020-01-24 v2.11 Base part for package epstopdf
Package epstopdf-base Info: Redefining graphics rule for `.eps' on input line 485.
 (/usr/local/texlive/2024/texmf-dist/tex/latex/latexconfig/epstopdf-sys.cfg
File: epstopdf-sys.cfg 2010/07/13 v1.3 Configuration of (r)epstopdf for TeX Live
))
Package hyperref Info: Link coloring ON on input line 78.
 (./report.out) (./report.out)
\@outlinefile=\write3
\openout3 = `report.out'.


*geometry* driver: auto-detecting
*geometry* detected driver: pdftex
*geometry* verbose mode - [ preamble ] result:
* driver: pdftex
* paper: a4paper
* layout: <same size as paper>
* layoutoffset:(h,v)=(0.0pt,0.0pt)
* modes: 
* h-part:(L,W,R)=(72.26999pt, 452.9679pt, 72.26999pt)
* v-part:(T,H,B)=(72.26999pt, 700.50687pt, 72.26999pt)
* \paperwidth=597.50787pt
* \paperheight=845.04684pt
* \textwidth=452.9679pt
* \textheight=700.50687pt
* \oddsidemargin=0.0pt
* \evensidemargin=0.0pt
* \topmargin=-37.0pt
* \headheight=12.0pt
* \headsep=25.0pt
* \topskip=12.0pt
* \footskip=30.0pt
* \marginparwidth=35.0pt
* \marginparsep=10.0pt
* \columnsep=10.0pt
* \skip\footins=10.8pt plus 4.0pt minus 2.0pt
* \hoffset=0.0pt
* \voffset=0.0pt
* \mag=1000
* \@twocolumnfalse
* \@twosidefalse
* \@mparswitchfalse
* \@reversemarginfalse
* (1in=72.27pt=25.4mm, 1cm=28.453pt)

LaTeX Info: Redefining \microtypecontext on input line 78.
Package microtype Info: Applying patch `item' on input line 78.
Package microtype Info: Applying patch `toc' on input line 78.
Package microtype Info: Applying patch `eqnum' on input line 78.

Package microtype Warning: Unable to apply patch `footnote' on input line 78.

Package microtype Info: Applying patch `verbatim' on input line 78.
Package microtype Info: Generating PDF output.
Package microtype Info: Character protrusion enabled (level 2).
Package microtype Info: Using default protrusion set `alltext'.
Package microtype Info: Automatic font expansion enabled (level 2),
(microtype)             stretch: 20, shrink: 20, step: 1, non-selected.
Package microtype Info: Using default expansion set `alltext-nott'.
LaTeX Info: Redefining \showhyphens on input line 78.
Package microtype Info: No adjustment of tracking.
Package microtype Info: No adjustment of interword spacing.
Package microtype Info: No adjustment of character kerning.
(/usr/local/texlive/2024/texmf-dist/tex/latex/microtype/mt-cmr.cfg
File: mt-cmr.cfg 2013/05/19 v2.2 microtype config. file: Computer Modern Roman (RS)
)
Package caption Info: Begin \AtBeginDocument code.
Package caption Info: float package is loaded.
Package caption Info: End \AtBeginDocument code.
 (/usr/local/texlive/2024/texmf-dist/tex/latex/pdflscape/pdflscape.sty
Package: pdflscape 2022-10-27 v0.13 Display of landscape pages in PDF
 (/usr/local/texlive/2024/texmf-dist/tex/latex/pdflscape/pdflscape-nometadata.sty
Package: pdflscape-nometadata 2022-10-28 v0.13 Display of landscape pages in PDF (HO)
 (/usr/local/texlive/2024/texmf-dist/tex/latex/graphics/lscape.sty
Package: lscape 2020/05/28 v3.02 Landscape Pages (DPC)
)
Package pdflscape Info: Auto-detected driver: pdftex on input line 81.
))
LaTeX Font Info:    Trying to load font information for T1+lmtt on input line 110.
 (/usr/local/texlive/2024/texmf-dist/tex/latex/lm/t1lmtt.fd
File: t1lmtt.fd 2015/05/01 v1.6.1 Font defs for Latin Modern
)
Package microtype Info: Loading generic protrusion settings for font family
(microtype)             `lmtt' (encoding: T1).
(microtype)             For optimal results, create family-specific settings.
(microtype)             See the microtype manual for details.
LaTeX Font Info:    Trying to load font information for OT1+lmr on input line 110.
 (/usr/local/texlive/2024/texmf-dist/tex/latex/lm/ot1lmr.fd
File: ot1lmr.fd 2015/05/01 v1.6.1 Font defs for Latin Modern
)
LaTeX Font Info:    Trying to load font information for OML+lmm on input line 110.
 (/usr/local/texlive/2024/texmf-dist/tex/latex/lm/omllmm.fd
File: omllmm.fd 2015/05/01 v1.6.1 Font defs for Latin Modern
)
LaTeX Font Info:    Trying to load font information for OMS+lmsy on input line 110.
 (/usr/local/texlive/2024/texmf-dist/tex/latex/lm/omslmsy.fd
File: omslmsy.fd 2015/05/01 v1.6.1 Font defs for Latin Modern
)
LaTeX Font Info:    Trying to load font information for OMX+lmex on input line 110.
 (/usr/local/texlive/2024/texmf-dist/tex/latex/lm/omxlmex.fd
File: omxlmex.fd 2015/05/01 v1.6.1 Font defs for Latin Modern
)
LaTeX Font Info:    External font `lmex10' loaded for size
(Font)              <14.4> on input line 110.
LaTeX Font Info:    External font `lmex10' loaded for size
(Font)              <10> on input line 110.
LaTeX Font Info:    External font `lmex10' loaded for size
(Font)              <7> on input line 110.
LaTeX Font Info:    Trying to load font information for U+msa on input line 110.
 (/usr/local/texlive/2024/texmf-dist/tex/latex/amsfonts/umsa.fd
File: umsa.fd 2013/01/14 v3.01 AMS symbols A
) (/usr/local/texlive/2024/texmf-dist/tex/latex/microtype/mt-msa.cfg
File: mt-msa.cfg 2006/02/04 v1.1 microtype config. file: AMS symbols (a) (RS)
)
LaTeX Font Info:    Trying to load font information for U+msb on input line 110.
 (/usr/local/texlive/2024/texmf-dist/tex/latex/amsfonts/umsb.fd
File: umsb.fd 2013/01/14 v3.01 AMS symbols B
) (/usr/local/texlive/2024/texmf-dist/tex/latex/microtype/mt-msb.cfg
File: mt-msb.cfg 2005/06/01 v1.0 microtype config. file: AMS symbols (b) (RS)
)
LaTeX Font Info:    External font `lmex10' loaded for size
(Font)              <12> on input line 110.
LaTeX Font Info:    External font `lmex10' loaded for size
(Font)              <8> on input line 110.
LaTeX Font Info:    External font `lmex10' loaded for size
(Font)              <6> on input line 110.

Overfull \hbox (9.91661pt too wide) in paragraph at lines 110--111
 [][][][][][][] 
 []

[1

{/usr/local/texlive/2024/texmf-var/fonts/map/pdftex/updmap/pdftex.map}{/usr/local/texlive/2024/texmf-dist/fonts/enc/dvips/lm/lm-ec.enc}]
Overfull \hbox (6.0pt too wide) in paragraph at lines 124--125
[][][][][][] 
 []

(./report.toc)
\tf@toc=\write4
\openout4 = `report.toc'.


pdfTeX warning (ext4): destination with the same identifier (name{page.1}) has been already used, duplicate ignored
<to be read again> 
                   \relax 
l.130 \chapter
              {Lab 6, Evaluation of Vulnerability Analysis Tools using CWE-b... [1]
Chapter 1.
</Users/tejasmacipad/Downloads/lab6.pdf, id=78, 597.50786pt x 845.04686pt>
File: /Users/tejasmacipad/Downloads/lab6.pdf Graphic file (type pdf)
<use /Users/tejasmacipad/Downloads/lab6.pdf>
Package pdftex.def Info: /Users/tejasmacipad/Downloads/lab6.pdf  used on input line 131.
(pdftex.def)             Requested size: 597.5064pt x 845.0448pt.
File: /Users/tejasmacipad/Downloads/lab6.pdf Graphic file (type pdf)
<use /Users/tejasmacipad/Downloads/lab6.pdf>
Package pdftex.def Info: /Users/tejasmacipad/Downloads/lab6.pdf  used on input line 131.
(pdftex.def)             Requested size: 597.5064pt x 845.0448pt.
</Users/tejasmacipad/Downloads/lab6.pdf, id=81, page=1, 597.50786pt x 845.04686pt>
File: /Users/tejasmacipad/Downloads/lab6.pdf Graphic file (type pdf)
<use /Users/tejasmacipad/Downloads/lab6.pdf, page 1>
Package pdftex.def Info: /Users/tejasmacipad/Downloads/lab6.pdf , page1 used on input line 131.
(pdftex.def)             Requested size: 597.5064pt x 845.0448pt.
File: /Users/tejasmacipad/Downloads/lab6.pdf Graphic file (type pdf)
<use /Users/tejasmacipad/Downloads/lab6.pdf, page 1>
Package pdftex.def Info: /Users/tejasmacipad/Downloads/lab6.pdf , page1 used on input line 131.
(pdftex.def)             Requested size: 597.53374pt x 845.08348pt.
[2

]
File: /Users/tejasmacipad/Downloads/lab6.pdf Graphic file (type pdf)
<use /Users/tejasmacipad/Downloads/lab6.pdf, page 1>
Package pdftex.def Info: /Users/tejasmacipad/Downloads/lab6.pdf , page1 used on input line 131.
(pdftex.def)             Requested size: 597.53374pt x 845.08348pt.
File: /Users/tejasmacipad/Downloads/lab6.pdf Graphic file (type pdf)
<use /Users/tejasmacipad/Downloads/lab6.pdf, page 1>
Package pdftex.def Info: /Users/tejasmacipad/Downloads/lab6.pdf , page1 used on input line 131.
(pdftex.def)             Requested size: 597.53374pt x 845.08348pt.
File: /Users/tejasmacipad/Downloads/lab6.pdf Graphic file (type pdf)
<use /Users/tejasmacipad/Downloads/lab6.pdf, page 1>
Package pdftex.def Info: /Users/tejasmacipad/Downloads/lab6.pdf , page1 used on input line 131.
(pdftex.def)             Requested size: 597.53374pt x 845.08348pt.
 [3

 </Users/tejasmacipad/Downloads/lab6.pdf>]
</Users/tejasmacipad/Downloads/lab6.pdf, id=123, page=2, 597.50786pt x 845.04686pt>
File: /Users/tejasmacipad/Downloads/lab6.pdf Graphic file (type pdf)
<use /Users/tejasmacipad/Downloads/lab6.pdf, page 2>
Package pdftex.def Info: /Users/tejasmacipad/Downloads/lab6.pdf , page2 used on input line 131.
(pdftex.def)             Requested size: 597.53374pt x 845.08348pt.
File: /Users/tejasmacipad/Downloads/lab6.pdf Graphic file (type pdf)
<use /Users/tejasmacipad/Downloads/lab6.pdf, page 2>
Package pdftex.def Info: /Users/tejasmacipad/Downloads/lab6.pdf , page2 used on input line 131.
(pdftex.def)             Requested size: 597.53374pt x 845.08348pt.
File: /Users/tejasmacipad/Downloads/lab6.pdf Graphic file (type pdf)
<use /Users/tejasmacipad/Downloads/lab6.pdf, page 2>
Package pdftex.def Info: /Users/tejasmacipad/Downloads/lab6.pdf , page2 used on input line 131.
(pdftex.def)             Requested size: 597.53374pt x 845.08348pt.
 [4

 </Users/tejasmacipad/Downloads/lab6.pdf>]
</Users/tejasmacipad/Downloads/lab6.pdf, id=146, page=3, 597.50786pt x 845.04686pt>
File: /Users/tejasmacipad/Downloads/lab6.pdf Graphic file (type pdf)
<use /Users/tejasmacipad/Downloads/lab6.pdf, page 3>
Package pdftex.def Info: /Users/tejasmacipad/Downloads/lab6.pdf , page3 used on input line 131.
(pdftex.def)             Requested size: 597.53374pt x 845.08348pt.
File: /Users/tejasmacipad/Downloads/lab6.pdf Graphic file (type pdf)
<use /Users/tejasmacipad/Downloads/lab6.pdf, page 3>
Package pdftex.def Info: /Users/tejasmacipad/Downloads/lab6.pdf , page3 used on input line 131.
(pdftex.def)             Requested size: 597.53374pt x 845.08348pt.
File: /Users/tejasmacipad/Downloads/lab6.pdf Graphic file (type pdf)
<use /Users/tejasmacipad/Downloads/lab6.pdf, page 3>
Package pdftex.def Info: /Users/tejasmacipad/Downloads/lab6.pdf , page3 used on input line 131.
(pdftex.def)             Requested size: 597.53374pt x 845.08348pt.
 [5

 </Users/tejasmacipad/Downloads/lab6.pdf>]
</Users/tejasmacipad/Downloads/lab6.pdf, id=155, page=4, 597.50786pt x 845.04686pt>
File: /Users/tejasmacipad/Downloads/lab6.pdf Graphic file (type pdf)
<use /Users/tejasmacipad/Downloads/lab6.pdf, page 4>
Package pdftex.def Info: /Users/tejasmacipad/Downloads/lab6.pdf , page4 used on input line 131.
(pdftex.def)             Requested size: 597.53374pt x 845.08348pt.
File: /Users/tejasmacipad/Downloads/lab6.pdf Graphic file (type pdf)
<use /Users/tejasmacipad/Downloads/lab6.pdf, page 4>
Package pdftex.def Info: /Users/tejasmacipad/Downloads/lab6.pdf , page4 used on input line 131.
(pdftex.def)             Requested size: 597.53374pt x 845.08348pt.
File: /Users/tejasmacipad/Downloads/lab6.pdf Graphic file (type pdf)
<use /Users/tejasmacipad/Downloads/lab6.pdf, page 4>
Package pdftex.def Info: /Users/tejasmacipad/Downloads/lab6.pdf , page4 used on input line 131.
(pdftex.def)             Requested size: 597.53374pt x 845.08348pt.
 [6

 </Users/tejasmacipad/Downloads/lab6.pdf>]
</Users/tejasmacipad/Downloads/lab6.pdf, id=166, page=5, 597.50786pt x 845.04686pt>
File: /Users/tejasmacipad/Downloads/lab6.pdf Graphic file (type pdf)
<use /Users/tejasmacipad/Downloads/lab6.pdf, page 5>
Package pdftex.def Info: /Users/tejasmacipad/Downloads/lab6.pdf , page5 used on input line 131.
(pdftex.def)             Requested size: 597.53374pt x 845.08348pt.
File: /Users/tejasmacipad/Downloads/lab6.pdf Graphic file (type pdf)
<use /Users/tejasmacipad/Downloads/lab6.pdf, page 5>
Package pdftex.def Info: /Users/tejasmacipad/Downloads/lab6.pdf , page5 used on input line 131.
(pdftex.def)             Requested size: 597.53374pt x 845.08348pt.
File: /Users/tejasmacipad/Downloads/lab6.pdf Graphic file (type pdf)
<use /Users/tejasmacipad/Downloads/lab6.pdf, page 5>
Package pdftex.def Info: /Users/tejasmacipad/Downloads/lab6.pdf , page5 used on input line 131.
(pdftex.def)             Requested size: 597.53374pt x 845.08348pt.
 [7

 </Users/tejasmacipad/Downloads/lab6.pdf>]
</Users/tejasmacipad/Downloads/lab6.pdf, id=179, page=6, 597.50786pt x 845.04686pt>
File: /Users/tejasmacipad/Downloads/lab6.pdf Graphic file (type pdf)
<use /Users/tejasmacipad/Downloads/lab6.pdf, page 6>
Package pdftex.def Info: /Users/tejasmacipad/Downloads/lab6.pdf , page6 used on input line 131.
(pdftex.def)             Requested size: 597.53374pt x 845.08348pt.
File: /Users/tejasmacipad/Downloads/lab6.pdf Graphic file (type pdf)
<use /Users/tejasmacipad/Downloads/lab6.pdf, page 6>
Package pdftex.def Info: /Users/tejasmacipad/Downloads/lab6.pdf , page6 used on input line 131.
(pdftex.def)             Requested size: 597.53374pt x 845.08348pt.
File: /Users/tejasmacipad/Downloads/lab6.pdf Graphic file (type pdf)
<use /Users/tejasmacipad/Downloads/lab6.pdf, page 6>
Package pdftex.def Info: /Users/tejasmacipad/Downloads/lab6.pdf , page6 used on input line 131.
(pdftex.def)             Requested size: 597.53374pt x 845.08348pt.
 [8

 </Users/tejasmacipad/Downloads/lab6.pdf>]
</Users/tejasmacipad/Downloads/lab6.pdf, id=191, page=7, 597.50786pt x 845.04686pt>
File: /Users/tejasmacipad/Downloads/lab6.pdf Graphic file (type pdf)
<use /Users/tejasmacipad/Downloads/lab6.pdf, page 7>
Package pdftex.def Info: /Users/tejasmacipad/Downloads/lab6.pdf , page7 used on input line 131.
(pdftex.def)             Requested size: 597.53374pt x 845.08348pt.
File: /Users/tejasmacipad/Downloads/lab6.pdf Graphic file (type pdf)
<use /Users/tejasmacipad/Downloads/lab6.pdf, page 7>
Package pdftex.def Info: /Users/tejasmacipad/Downloads/lab6.pdf , page7 used on input line 131.
(pdftex.def)             Requested size: 597.53374pt x 845.08348pt.
File: /Users/tejasmacipad/Downloads/lab6.pdf Graphic file (type pdf)
<use /Users/tejasmacipad/Downloads/lab6.pdf, page 7>
Package pdftex.def Info: /Users/tejasmacipad/Downloads/lab6.pdf , page7 used on input line 131.
(pdftex.def)             Requested size: 597.53374pt x 845.08348pt.
 [9

 </Users/tejasmacipad/Downloads/lab6.pdf>]
</Users/tejasmacipad/Downloads/lab6.pdf, id=197, page=8, 597.50786pt x 845.04686pt>
File: /Users/tejasmacipad/Downloads/lab6.pdf Graphic file (type pdf)
<use /Users/tejasmacipad/Downloads/lab6.pdf, page 8>
Package pdftex.def Info: /Users/tejasmacipad/Downloads/lab6.pdf , page8 used on input line 131.
(pdftex.def)             Requested size: 597.53374pt x 845.08348pt.
File: /Users/tejasmacipad/Downloads/lab6.pdf Graphic file (type pdf)
<use /Users/tejasmacipad/Downloads/lab6.pdf, page 8>
Package pdftex.def Info: /Users/tejasmacipad/Downloads/lab6.pdf , page8 used on input line 131.
(pdftex.def)             Requested size: 597.53374pt x 845.08348pt.
File: /Users/tejasmacipad/Downloads/lab6.pdf Graphic file (type pdf)
<use /Users/tejasmacipad/Downloads/lab6.pdf, page 8>
Package pdftex.def Info: /Users/tejasmacipad/Downloads/lab6.pdf , page8 used on input line 131.
(pdftex.def)             Requested size: 597.53374pt x 845.08348pt.
 [10

 </Users/tejasmacipad/Downloads/lab6.pdf>]
</Users/tejasmacipad/Downloads/lab6.pdf, id=203, page=9, 597.50786pt x 845.04686pt>
File: /Users/tejasmacipad/Downloads/lab6.pdf Graphic file (type pdf)
<use /Users/tejasmacipad/Downloads/lab6.pdf, page 9>
Package pdftex.def Info: /Users/tejasmacipad/Downloads/lab6.pdf , page9 used on input line 131.
(pdftex.def)             Requested size: 597.53374pt x 845.08348pt.
File: /Users/tejasmacipad/Downloads/lab6.pdf Graphic file (type pdf)
<use /Users/tejasmacipad/Downloads/lab6.pdf, page 9>
Package pdftex.def Info: /Users/tejasmacipad/Downloads/lab6.pdf , page9 used on input line 131.
(pdftex.def)             Requested size: 597.53374pt x 845.08348pt.
File: /Users/tejasmacipad/Downloads/lab6.pdf Graphic file (type pdf)
<use /Users/tejasmacipad/Downloads/lab6.pdf, page 9>
Package pdftex.def Info: /Users/tejasmacipad/Downloads/lab6.pdf , page9 used on input line 131.
(pdftex.def)             Requested size: 597.53374pt x 845.08348pt.
 [11

 </Users/tejasmacipad/Downloads/lab6.pdf>]
</Users/tejasmacipad/Downloads/lab6.pdf, id=209, page=10, 597.50786pt x 845.04686pt>
File: /Users/tejasmacipad/Downloads/lab6.pdf Graphic file (type pdf)
<use /Users/tejasmacipad/Downloads/lab6.pdf, page 10>
Package pdftex.def Info: /Users/tejasmacipad/Downloads/lab6.pdf , page10 used on input line 131.
(pdftex.def)             Requested size: 597.53374pt x 845.08348pt.
File: /Users/tejasmacipad/Downloads/lab6.pdf Graphic file (type pdf)
<use /Users/tejasmacipad/Downloads/lab6.pdf, page 10>
Package pdftex.def Info: /Users/tejasmacipad/Downloads/lab6.pdf , page10 used on input line 131.
(pdftex.def)             Requested size: 597.53374pt x 845.08348pt.
File: /Users/tejasmacipad/Downloads/lab6.pdf Graphic file (type pdf)
<use /Users/tejasmacipad/Downloads/lab6.pdf, page 10>
Package pdftex.def Info: /Users/tejasmacipad/Downloads/lab6.pdf , page10 used on input line 131.
(pdftex.def)             Requested size: 597.53374pt x 845.08348pt.
 [12

 </Users/tejasmacipad/Downloads/lab6.pdf>]
</Users/tejasmacipad/Downloads/lab6.pdf, id=215, page=11, 597.50786pt x 845.04686pt>
File: /Users/tejasmacipad/Downloads/lab6.pdf Graphic file (type pdf)
<use /Users/tejasmacipad/Downloads/lab6.pdf, page 11>
Package pdftex.def Info: /Users/tejasmacipad/Downloads/lab6.pdf , page11 used on input line 131.
(pdftex.def)             Requested size: 597.53374pt x 845.08348pt.
File: /Users/tejasmacipad/Downloads/lab6.pdf Graphic file (type pdf)
<use /Users/tejasmacipad/Downloads/lab6.pdf, page 11>
Package pdftex.def Info: /Users/tejasmacipad/Downloads/lab6.pdf , page11 used on input line 131.
(pdftex.def)             Requested size: 597.53374pt x 845.08348pt.
File: /Users/tejasmacipad/Downloads/lab6.pdf Graphic file (type pdf)
<use /Users/tejasmacipad/Downloads/lab6.pdf, page 11>
Package pdftex.def Info: /Users/tejasmacipad/Downloads/lab6.pdf , page11 used on input line 131.
(pdftex.def)             Requested size: 597.53374pt x 845.08348pt.
 [13

 </Users/tejasmacipad/Downloads/lab6.pdf>]
</Users/tejasmacipad/Downloads/lab6.pdf, id=226, page=12, 597.50786pt x 845.04686pt>
File: /Users/tejasmacipad/Downloads/lab6.pdf Graphic file (type pdf)
<use /Users/tejasmacipad/Downloads/lab6.pdf, page 12>
Package pdftex.def Info: /Users/tejasmacipad/Downloads/lab6.pdf , page12 used on input line 131.
(pdftex.def)             Requested size: 597.53374pt x 845.08348pt.
File: /Users/tejasmacipad/Downloads/lab6.pdf Graphic file (type pdf)
<use /Users/tejasmacipad/Downloads/lab6.pdf, page 12>
Package pdftex.def Info: /Users/tejasmacipad/Downloads/lab6.pdf , page12 used on input line 131.
(pdftex.def)             Requested size: 597.53374pt x 845.08348pt.
File: /Users/tejasmacipad/Downloads/lab6.pdf Graphic file (type pdf)
<use /Users/tejasmacipad/Downloads/lab6.pdf, page 12>
Package pdftex.def Info: /Users/tejasmacipad/Downloads/lab6.pdf , page12 used on input line 131.
(pdftex.def)             Requested size: 597.53374pt x 845.08348pt.
 [14

 </Users/tejasmacipad/Downloads/lab6.pdf>]
</Users/tejasmacipad/Downloads/lab6.pdf, id=232, page=13, 597.50786pt x 845.04686pt>
File: /Users/tejasmacipad/Downloads/lab6.pdf Graphic file (type pdf)
<use /Users/tejasmacipad/Downloads/lab6.pdf, page 13>
Package pdftex.def Info: /Users/tejasmacipad/Downloads/lab6.pdf , page13 used on input line 131.
(pdftex.def)             Requested size: 597.53374pt x 845.08348pt.
File: /Users/tejasmacipad/Downloads/lab6.pdf Graphic file (type pdf)
<use /Users/tejasmacipad/Downloads/lab6.pdf, page 13>
Package pdftex.def Info: /Users/tejasmacipad/Downloads/lab6.pdf , page13 used on input line 131.
(pdftex.def)             Requested size: 597.53374pt x 845.08348pt.
File: /Users/tejasmacipad/Downloads/lab6.pdf Graphic file (type pdf)
<use /Users/tejasmacipad/Downloads/lab6.pdf, page 13>
Package pdftex.def Info: /Users/tejasmacipad/Downloads/lab6.pdf , page13 used on input line 131.
(pdftex.def)             Requested size: 597.53374pt x 845.08348pt.
 [15

 </Users/tejasmacipad/Downloads/lab6.pdf>]
</Users/tejasmacipad/Downloads/lab6.pdf, id=238, page=14, 597.50786pt x 845.04686pt>
File: /Users/tejasmacipad/Downloads/lab6.pdf Graphic file (type pdf)
<use /Users/tejasmacipad/Downloads/lab6.pdf, page 14>
Package pdftex.def Info: /Users/tejasmacipad/Downloads/lab6.pdf , page14 used on input line 131.
(pdftex.def)             Requested size: 597.53374pt x 845.08348pt.
File: /Users/tejasmacipad/Downloads/lab6.pdf Graphic file (type pdf)
<use /Users/tejasmacipad/Downloads/lab6.pdf, page 14>
Package pdftex.def Info: /Users/tejasmacipad/Downloads/lab6.pdf , page14 used on input line 131.
(pdftex.def)             Requested size: 597.53374pt x 845.08348pt.
File: /Users/tejasmacipad/Downloads/lab6.pdf Graphic file (type pdf)
<use /Users/tejasmacipad/Downloads/lab6.pdf, page 14>
Package pdftex.def Info: /Users/tejasmacipad/Downloads/lab6.pdf , page14 used on input line 131.
(pdftex.def)             Requested size: 597.53374pt x 845.08348pt.
 [16

 </Users/tejasmacipad/Downloads/lab6.pdf>]
</Users/tejasmacipad/Downloads/lab6.pdf, id=244, page=15, 597.50786pt x 845.04686pt>
File: /Users/tejasmacipad/Downloads/lab6.pdf Graphic file (type pdf)
<use /Users/tejasmacipad/Downloads/lab6.pdf, page 15>
Package pdftex.def Info: /Users/tejasmacipad/Downloads/lab6.pdf , page15 used on input line 131.
(pdftex.def)             Requested size: 597.53374pt x 845.08348pt.
File: /Users/tejasmacipad/Downloads/lab6.pdf Graphic file (type pdf)
<use /Users/tejasmacipad/Downloads/lab6.pdf, page 15>
Package pdftex.def Info: /Users/tejasmacipad/Downloads/lab6.pdf , page15 used on input line 131.
(pdftex.def)             Requested size: 597.53374pt x 845.08348pt.
File: /Users/tejasmacipad/Downloads/lab6.pdf Graphic file (type pdf)
<use /Users/tejasmacipad/Downloads/lab6.pdf, page 15>
Package pdftex.def Info: /Users/tejasmacipad/Downloads/lab6.pdf , page15 used on input line 131.
(pdftex.def)             Requested size: 597.53374pt x 845.08348pt.
 [17

 </Users/tejasmacipad/Downloads/lab6.pdf>]
</Users/tejasmacipad/Downloads/lab6.pdf, id=250, page=16, 597.50786pt x 845.04686pt>
File: /Users/tejasmacipad/Downloads/lab6.pdf Graphic file (type pdf)
<use /Users/tejasmacipad/Downloads/lab6.pdf, page 16>
Package pdftex.def Info: /Users/tejasmacipad/Downloads/lab6.pdf , page16 used on input line 131.
(pdftex.def)             Requested size: 597.53374pt x 845.08348pt.
File: /Users/tejasmacipad/Downloads/lab6.pdf Graphic file (type pdf)
<use /Users/tejasmacipad/Downloads/lab6.pdf, page 16>
Package pdftex.def Info: /Users/tejasmacipad/Downloads/lab6.pdf , page16 used on input line 131.
(pdftex.def)             Requested size: 597.53374pt x 845.08348pt.
File: /Users/tejasmacipad/Downloads/lab6.pdf Graphic file (type pdf)
<use /Users/tejasmacipad/Downloads/lab6.pdf, page 16>
Package pdftex.def Info: /Users/tejasmacipad/Downloads/lab6.pdf , page16 used on input line 131.
(pdftex.def)             Requested size: 597.53374pt x 845.08348pt.
 [18

 </Users/tejasmacipad/Downloads/lab6.pdf>]
</Users/tejasmacipad/Downloads/lab6.pdf, id=257, page=17, 597.50786pt x 845.04686pt>
File: /Users/tejasmacipad/Downloads/lab6.pdf Graphic file (type pdf)
<use /Users/tejasmacipad/Downloads/lab6.pdf, page 17>
Package pdftex.def Info: /Users/tejasmacipad/Downloads/lab6.pdf , page17 used on input line 131.
(pdftex.def)             Requested size: 597.53374pt x 845.08348pt.
File: /Users/tejasmacipad/Downloads/lab6.pdf Graphic file (type pdf)
<use /Users/tejasmacipad/Downloads/lab6.pdf, page 17>
Package pdftex.def Info: /Users/tejasmacipad/Downloads/lab6.pdf , page17 used on input line 131.
(pdftex.def)             Requested size: 597.53374pt x 845.08348pt.
File: /Users/tejasmacipad/Downloads/lab6.pdf Graphic file (type pdf)
<use /Users/tejasmacipad/Downloads/lab6.pdf, page 17>
Package pdftex.def Info: /Users/tejasmacipad/Downloads/lab6.pdf , page17 used on input line 131.
(pdftex.def)             Requested size: 597.53374pt x 845.08348pt.
 [19

 </Users/tejasmacipad/Downloads/lab6.pdf>]
</Users/tejasmacipad/Downloads/lab6.pdf, id=263, page=18, 597.50786pt x 845.04686pt>
File: /Users/tejasmacipad/Downloads/lab6.pdf Graphic file (type pdf)
<use /Users/tejasmacipad/Downloads/lab6.pdf, page 18>
Package pdftex.def Info: /Users/tejasmacipad/Downloads/lab6.pdf , page18 used on input line 131.
(pdftex.def)             Requested size: 597.53374pt x 845.08348pt.
File: /Users/tejasmacipad/Downloads/lab6.pdf Graphic file (type pdf)
<use /Users/tejasmacipad/Downloads/lab6.pdf, page 18>
Package pdftex.def Info: /Users/tejasmacipad/Downloads/lab6.pdf , page18 used on input line 131.
(pdftex.def)             Requested size: 597.53374pt x 845.08348pt.
File: /Users/tejasmacipad/Downloads/lab6.pdf Graphic file (type pdf)
<use /Users/tejasmacipad/Downloads/lab6.pdf, page 18>
Package pdftex.def Info: /Users/tejasmacipad/Downloads/lab6.pdf , page18 used on input line 131.
(pdftex.def)             Requested size: 597.53374pt x 845.08348pt.
 [20

 </Users/tejasmacipad/Downloads/lab6.pdf>]
</Users/tejasmacipad/Downloads/lab6.pdf, id=274, page=19, 597.50786pt x 845.04686pt>
File: /Users/tejasmacipad/Downloads/lab6.pdf Graphic file (type pdf)
<use /Users/tejasmacipad/Downloads/lab6.pdf, page 19>
Package pdftex.def Info: /Users/tejasmacipad/Downloads/lab6.pdf , page19 used on input line 131.
(pdftex.def)             Requested size: 597.53374pt x 845.08348pt.
File: /Users/tejasmacipad/Downloads/lab6.pdf Graphic file (type pdf)
<use /Users/tejasmacipad/Downloads/lab6.pdf, page 19>
Package pdftex.def Info: /Users/tejasmacipad/Downloads/lab6.pdf , page19 used on input line 131.
(pdftex.def)             Requested size: 597.53374pt x 845.08348pt.
File: /Users/tejasmacipad/Downloads/lab6.pdf Graphic file (type pdf)
<use /Users/tejasmacipad/Downloads/lab6.pdf, page 19>
Package pdftex.def Info: /Users/tejasmacipad/Downloads/lab6.pdf , page19 used on input line 131.
(pdftex.def)             Requested size: 597.53374pt x 845.08348pt.
 [21

 </Users/tejasmacipad/Downloads/lab6.pdf>]
</Users/tejasmacipad/Downloads/lab6.pdf, id=279, page=20, 597.50786pt x 845.04686pt>
File: /Users/tejasmacipad/Downloads/lab6.pdf Graphic file (type pdf)
<use /Users/tejasmacipad/Downloads/lab6.pdf, page 20>
Package pdftex.def Info: /Users/tejasmacipad/Downloads/lab6.pdf , page20 used on input line 131.
(pdftex.def)             Requested size: 597.53374pt x 845.08348pt.
File: /Users/tejasmacipad/Downloads/lab6.pdf Graphic file (type pdf)
<use /Users/tejasmacipad/Downloads/lab6.pdf, page 20>
Package pdftex.def Info: /Users/tejasmacipad/Downloads/lab6.pdf , page20 used on input line 131.
(pdftex.def)             Requested size: 597.53374pt x 845.08348pt.
File: /Users/tejasmacipad/Downloads/lab6.pdf Graphic file (type pdf)
<use /Users/tejasmacipad/Downloads/lab6.pdf, page 20>
Package pdftex.def Info: /Users/tejasmacipad/Downloads/lab6.pdf , page20 used on input line 131.
(pdftex.def)             Requested size: 597.53374pt x 845.08348pt.
 [22

 </Users/tejasmacipad/Downloads/lab6.pdf>]
</Users/tejasmacipad/Downloads/lab6.pdf, id=285, page=21, 597.50786pt x 845.04686pt>
File: /Users/tejasmacipad/Downloads/lab6.pdf Graphic file (type pdf)
<use /Users/tejasmacipad/Downloads/lab6.pdf, page 21>
Package pdftex.def Info: /Users/tejasmacipad/Downloads/lab6.pdf , page21 used on input line 131.
(pdftex.def)             Requested size: 597.53374pt x 845.08348pt.
File: /Users/tejasmacipad/Downloads/lab6.pdf Graphic file (type pdf)
<use /Users/tejasmacipad/Downloads/lab6.pdf, page 21>
Package pdftex.def Info: /Users/tejasmacipad/Downloads/lab6.pdf , page21 used on input line 131.
(pdftex.def)             Requested size: 597.53374pt x 845.08348pt.
File: /Users/tejasmacipad/Downloads/lab6.pdf Graphic file (type pdf)
<use /Users/tejasmacipad/Downloads/lab6.pdf, page 21>
Package pdftex.def Info: /Users/tejasmacipad/Downloads/lab6.pdf , page21 used on input line 131.
(pdftex.def)             Requested size: 597.53374pt x 845.08348pt.
 [23

 </Users/tejasmacipad/Downloads/lab6.pdf>]
</Users/tejasmacipad/Downloads/lab6.pdf, id=291, page=22, 597.50786pt x 845.04686pt>
File: /Users/tejasmacipad/Downloads/lab6.pdf Graphic file (type pdf)
<use /Users/tejasmacipad/Downloads/lab6.pdf, page 22>
Package pdftex.def Info: /Users/tejasmacipad/Downloads/lab6.pdf , page22 used on input line 131.
(pdftex.def)             Requested size: 597.53374pt x 845.08348pt.
File: /Users/tejasmacipad/Downloads/lab6.pdf Graphic file (type pdf)
<use /Users/tejasmacipad/Downloads/lab6.pdf, page 22>
Package pdftex.def Info: /Users/tejasmacipad/Downloads/lab6.pdf , page22 used on input line 131.
(pdftex.def)             Requested size: 597.53374pt x 845.08348pt.
File: /Users/tejasmacipad/Downloads/lab6.pdf Graphic file (type pdf)
<use /Users/tejasmacipad/Downloads/lab6.pdf, page 22>
Package pdftex.def Info: /Users/tejasmacipad/Downloads/lab6.pdf , page22 used on input line 131.
(pdftex.def)             Requested size: 597.53374pt x 845.08348pt.
 [24

 </Users/tejasmacipad/Downloads/lab6.pdf>]
</Users/tejasmacipad/Downloads/lab6.pdf, id=297, page=23, 597.50786pt x 845.04686pt>
File: /Users/tejasmacipad/Downloads/lab6.pdf Graphic file (type pdf)
<use /Users/tejasmacipad/Downloads/lab6.pdf, page 23>
Package pdftex.def Info: /Users/tejasmacipad/Downloads/lab6.pdf , page23 used on input line 131.
(pdftex.def)             Requested size: 597.53374pt x 845.08348pt.
File: /Users/tejasmacipad/Downloads/lab6.pdf Graphic file (type pdf)
<use /Users/tejasmacipad/Downloads/lab6.pdf, page 23>
Package pdftex.def Info: /Users/tejasmacipad/Downloads/lab6.pdf , page23 used on input line 131.
(pdftex.def)             Requested size: 597.53374pt x 845.08348pt.
File: /Users/tejasmacipad/Downloads/lab6.pdf Graphic file (type pdf)
<use /Users/tejasmacipad/Downloads/lab6.pdf, page 23>
Package pdftex.def Info: /Users/tejasmacipad/Downloads/lab6.pdf , page23 used on input line 131.
(pdftex.def)             Requested size: 597.53374pt x 845.08348pt.
 [25

 </Users/tejasmacipad/Downloads/lab6.pdf>]
</Users/tejasmacipad/Downloads/lab6.pdf, id=303, page=24, 597.50786pt x 845.04686pt>
File: /Users/tejasmacipad/Downloads/lab6.pdf Graphic file (type pdf)
<use /Users/tejasmacipad/Downloads/lab6.pdf, page 24>
Package pdftex.def Info: /Users/tejasmacipad/Downloads/lab6.pdf , page24 used on input line 131.
(pdftex.def)             Requested size: 597.53374pt x 845.08348pt.
File: /Users/tejasmacipad/Downloads/lab6.pdf Graphic file (type pdf)
<use /Users/tejasmacipad/Downloads/lab6.pdf, page 24>
Package pdftex.def Info: /Users/tejasmacipad/Downloads/lab6.pdf , page24 used on input line 131.
(pdftex.def)             Requested size: 597.53374pt x 845.08348pt.
File: /Users/tejasmacipad/Downloads/lab6.pdf Graphic file (type pdf)
<use /Users/tejasmacipad/Downloads/lab6.pdf, page 24>
Package pdftex.def Info: /Users/tejasmacipad/Downloads/lab6.pdf , page24 used on input line 131.
(pdftex.def)             Requested size: 597.53374pt x 845.08348pt.
 [26

 </Users/tejasmacipad/Downloads/lab6.pdf>]
</Users/tejasmacipad/Downloads/lab6.pdf, id=308, page=25, 597.50786pt x 845.04686pt>
File: /Users/tejasmacipad/Downloads/lab6.pdf Graphic file (type pdf)
<use /Users/tejasmacipad/Downloads/lab6.pdf, page 25>
Package pdftex.def Info: /Users/tejasmacipad/Downloads/lab6.pdf , page25 used on input line 131.
(pdftex.def)             Requested size: 597.53374pt x 845.08348pt.
File: /Users/tejasmacipad/Downloads/lab6.pdf Graphic file (type pdf)
<use /Users/tejasmacipad/Downloads/lab6.pdf, page 25>
Package pdftex.def Info: /Users/tejasmacipad/Downloads/lab6.pdf , page25 used on input line 131.
(pdftex.def)             Requested size: 597.53374pt x 845.08348pt.
File: /Users/tejasmacipad/Downloads/lab6.pdf Graphic file (type pdf)
<use /Users/tejasmacipad/Downloads/lab6.pdf, page 25>
Package pdftex.def Info: /Users/tejasmacipad/Downloads/lab6.pdf , page25 used on input line 131.
(pdftex.def)             Requested size: 597.53374pt x 845.08348pt.
 [27

 </Users/tejasmacipad/Downloads/lab6.pdf>]
Chapter 2.
LaTeX Font Info:    Trying to load font information for TS1+lmr on input line 147.
(/usr/local/texlive/2024/texmf-dist/tex/latex/lm/ts1lmr.fd
File: ts1lmr.fd 2015/05/01 v1.6.1 Font defs for Latin Modern
) [28

{/usr/local/texlive/2024/texmf-dist/fonts/enc/dvips/lm/lm-ts1.enc}]
LaTeX Font Info:    Trying to load font information for T1+lmss on input line 185.
 (/usr/local/texlive/2024/texmf-dist/tex/latex/lm/t1lmss.fd
File: t1lmss.fd 2015/05/01 v1.6.1 Font defs for Latin Modern
)
Package microtype Info: Loading generic protrusion settings for font family
(microtype)             `lmss' (encoding: T1).
(microtype)             For optimal results, create family-specific settings.
(microtype)             See the microtype manual for details.

Underfull \hbox (badness 10000) in paragraph at lines 185--186

 []

[29]
</Users/tejasmacipad/Downloads/WhatsApp Image 2025-10-14 at 03.30.10.jpeg, id=323, 806.01125pt x 339.2675pt>
File: /Users/tejasmacipad/Downloads/WhatsApp Image 2025-10-14 at 03.30.10.jpeg Graphic file (type jpg)
<use /Users/tejasmacipad/Downloads/WhatsApp Image 2025-10-14 at 03.30.10.jpeg>
Package pdftex.def Info: /Users/tejasmacipad/Downloads/WhatsApp Image 2025-10-14 at 03.30.10.jpeg  used on input line 201.
(pdftex.def)             Requested size: 362.37569pt x 152.52917pt.
</Users/tejasmacipad/Downloads/WhatsApp Image 2025-10-14 at 03.30.39.jpeg, id=324, 833.1125pt x 645.41125pt>
File: /Users/tejasmacipad/Downloads/WhatsApp Image 2025-10-14 at 03.30.39.jpeg Graphic file (type jpg)
<use /Users/tejasmacipad/Downloads/WhatsApp Image 2025-10-14 at 03.30.39.jpeg>
Package pdftex.def Info: /Users/tejasmacipad/Downloads/WhatsApp Image 2025-10-14 at 03.30.39.jpeg  used on input line 217.
(pdftex.def)             Requested size: 362.37569pt x 280.73193pt.


LaTeX Warning: `!h' float specifier changed to `!ht'.

</Users/tejasmacipad/Downloads/WhatsApp Image 2025-10-14 at 03.30.59.jpeg, id=325, 836.12375pt x 1092.08pt>
File: /Users/tejasmacipad/Downloads/WhatsApp Image 2025-10-14 at 03.30.59.jpeg Graphic file (type jpg)
<use /Users/tejasmacipad/Downloads/WhatsApp Image 2025-10-14 at 03.30.59.jpeg>
Package pdftex.def Info: /Users/tejasmacipad/Downloads/WhatsApp Image 2025-10-14 at 03.30.59.jpeg  used on input line 236.
(pdftex.def)             Requested size: 362.37569pt x 473.31793pt.

LaTeX Warning: `!h' float specifier changed to `!ht'.

[30 </Users/tejasmacipad/Downloads/WhatsApp Image 2025-10-14 at 03.30.10.jpeg>] [31 </Users/tejasmacipad/Downloads/WhatsApp Image 2025-10-14 at 03.30.39.jpeg>] [32 </Users/tejasmacipad/Downloads/WhatsApp Image 2025-10-14 at 03.30.59.jpeg>]
</Users/tejasmacipad/Downloads/WhatsApp Image 2025-10-14 at 21.28.11.jpeg, id=344, 716.6775pt x 443.6575pt>
File: /Users/tejasmacipad/Downloads/WhatsApp Image 2025-10-14 at 21.28.11.jpeg Graphic file (type jpg)
<use /Users/tejasmacipad/Downloads/WhatsApp Image 2025-10-14 at 21.28.11.jpeg>
Package pdftex.def Info: /Users/tejasmacipad/Downloads/WhatsApp Image 2025-10-14 at 21.28.11.jpeg  used on input line 261.
(pdftex.def)             Requested size: 362.37569pt x 224.33296pt.
</Users/tejasmacipad/Downloads/WhatsApp Image 2025-10-14 at 22.00.19.jpeg, id=345, 878.28125pt x 952.55875pt>
File: /Users/tejasmacipad/Downloads/WhatsApp Image 2025-10-14 at 22.00.19.jpeg Graphic file (type jpg)
<use /Users/tejasmacipad/Downloads/WhatsApp Image 2025-10-14 at 22.00.19.jpeg>
Package pdftex.def Info: /Users/tejasmacipad/Downloads/WhatsApp Image 2025-10-14 at 22.00.19.jpeg  used on input line 282.
(pdftex.def)             Requested size: 362.37569pt x 393.02254pt.


LaTeX Warning: `!h' float specifier changed to `!ht'.

[33 </Users/tejasmacipad/Downloads/WhatsApp Image 2025-10-14 at 21.28.11.jpeg>] [34 </Users/tejasmacipad/Downloads/WhatsApp Image 2025-10-14 at 22.00.19.jpeg>]
</Users/tejasmacipad/Downloads/WhatsApp Image 2025-10-15 at 01.01.16.jpeg, id=357, 1026.83624pt x 1152.305pt>
File: /Users/tejasmacipad/Downloads/WhatsApp Image 2025-10-15 at 01.01.16.jpeg Graphic file (type jpg)
<use /Users/tejasmacipad/Downloads/WhatsApp Image 2025-10-15 at 01.01.16.jpeg>
Package pdftex.def Info: /Users/tejasmacipad/Downloads/WhatsApp Image 2025-10-15 at 01.01.16.jpeg  used on input line 316.
(pdftex.def)             Requested size: 362.37569pt x 406.6535pt.


LaTeX Warning: `!h' float specifier changed to `!ht'.

</Users/tejasmacipad/Downloads/WhatsApp Image 2025-10-15 at 01.01.37.jpeg, id=358, 954.56625pt x 539.01375pt>
File: /Users/tejasmacipad/Downloads/WhatsApp Image 2025-10-15 at 01.01.37.jpeg Graphic file (type jpg)
<use /Users/tejasmacipad/Downloads/WhatsApp Image 2025-10-15 at 01.01.37.jpeg>
Package pdftex.def Info: /Users/tejasmacipad/Downloads/WhatsApp Image 2025-10-15 at 01.01.37.jpeg  used on input line 336.
(pdftex.def)             Requested size: 362.37569pt x 204.62173pt.

LaTeX Warning: `!h' float specifier changed to `!ht'.

[35]

LaTeX Warning: Text page 36 contains only floats.

[36 </Users/tejasmacipad/Downloads/WhatsApp Image 2025-10-15 at 01.01.16.jpeg> </Users/tejasmacipad/Downloads/WhatsApp Image 2025-10-15 at 01.01.37.jpeg>]
</Users/tejasmacipad/Downloads/WhatsApp Image 2025-10-15 at 04.15.09.jpeg, id=370, 868.24374pt x 667.49374pt>
File: /Users/tejasmacipad/Downloads/WhatsApp Image 2025-10-15 at 04.15.09.jpeg Graphic file (type jpg)
<use /Users/tejasmacipad/Downloads/WhatsApp Image 2025-10-15 at 04.15.09.jpeg>
Package pdftex.def Info: /Users/tejasmacipad/Downloads/WhatsApp Image 2025-10-15 at 04.15.09.jpeg  used on input line 359.
(pdftex.def)             Requested size: 362.37569pt x 278.59363pt.
</Users/tejasmacipad/Downloads/WhatsApp Image 2025-10-15 at 04.15.16.jpeg, id=371, 791.95876pt x 403.5075pt>
File: /Users/tejasmacipad/Downloads/WhatsApp Image 2025-10-15 at 04.15.16.jpeg Graphic file (type jpg)
<use /Users/tejasmacipad/Downloads/WhatsApp Image 2025-10-15 at 04.15.16.jpeg>
Package pdftex.def Info: /Users/tejasmacipad/Downloads/WhatsApp Image 2025-10-15 at 04.15.16.jpeg  used on input line 366.
(pdftex.def)             Requested size: 362.37569pt x 184.63673pt.


LaTeX Warning: `!h' float specifier changed to `!ht'.

</Users/tejasmacipad/Downloads/WhatsApp Image 2025-10-15 at 04.15.25.jpeg, id=372, 688.5725pt x 375.4025pt>
File: /Users/tejasmacipad/Downloads/WhatsApp Image 2025-10-15 at 04.15.25.jpeg Graphic file (type jpg)
<use /Users/tejasmacipad/Downloads/WhatsApp Image 2025-10-15 at 04.15.25.jpeg>
Package pdftex.def Info: /Users/tejasmacipad/Downloads/WhatsApp Image 2025-10-15 at 04.15.25.jpeg  used on input line 373.
(pdftex.def)             Requested size: 362.37569pt x 197.5647pt.

LaTeX Warning: `!h' float specifier changed to `!ht'.

[37 </Users/tejasmacipad/Downloads/WhatsApp Image 2025-10-15 at 04.15.09.jpeg>]
</Users/tejasmacipad/Downloads/WhatsApp Image 2025-10-15 at 05.08.38 (1).jpeg, id=378, 1606.0pt x 1412.27625pt>
File: /Users/tejasmacipad/Downloads/WhatsApp Image 2025-10-15 at 05.08.38 (1).jpeg Graphic file (type jpg)
<use /Users/tejasmacipad/Downloads/WhatsApp Image 2025-10-15 at 05.08.38 (1).jpeg>
Package pdftex.def Info: /Users/tejasmacipad/Downloads/WhatsApp Image 2025-10-15 at 05.08.38 (1).jpeg  used on input line 536.
(pdftex.def)             Requested size: 362.37569pt x 318.65353pt.
 [38 </Users/tejasmacipad/Downloads/WhatsApp Image 2025-10-15 at 04.15.16.jpeg> </Users/tejasmacipad/Downloads/WhatsApp Image 2025-10-15 at 04.15.25.jpeg>]
</Users/tejasmacipad/Downloads/WhatsApp Image 2025-10-15 at 05.13.32.jpeg, id=385, 1541.76pt x 1477.52pt>
File: /Users/tejasmacipad/Downloads/WhatsApp Image 2025-10-15 at 05.13.32.jpeg Graphic file (type jpg)
<use /Users/tejasmacipad/Downloads/WhatsApp Image 2025-10-15 at 05.13.32.jpeg>
Package pdftex.def Info: /Users/tejasmacipad/Downloads/WhatsApp Image 2025-10-15 at 05.13.32.jpeg  used on input line 548.
(pdftex.def)             Requested size: 362.37569pt x 347.26234pt.
 [39 </Users/tejasmacipad/Downloads/WhatsApp Image 2025-10-15 at 05.08.38 (1).jpeg>]
</Users/tejasmacipad/Downloads/WhatsApp Image 2025-10-15 at 05.14.42.jpeg, id=391, 1606.0pt x 1426.32875pt>
File: /Users/tejasmacipad/Downloads/WhatsApp Image 2025-10-15 at 05.14.42.jpeg Graphic file (type jpg)
<use /Users/tejasmacipad/Downloads/WhatsApp Image 2025-10-15 at 05.14.42.jpeg>
Package pdftex.def Info: /Users/tejasmacipad/Downloads/WhatsApp Image 2025-10-15 at 05.14.42.jpeg  used on input line 559.
(pdftex.def)             Requested size: 362.37569pt x 321.82422pt.
 [40 </Users/tejasmacipad/Downloads/WhatsApp Image 2025-10-15 at 05.13.32.jpeg>]
</Users/tejasmacipad/Downloads/WhatsApp Image 2025-10-15 at 05.19.04.jpeg, id=397, 1298.8525pt x 234.8775pt>
File: /Users/tejasmacipad/Downloads/WhatsApp Image 2025-10-15 at 05.19.04.jpeg Graphic file (type jpg)
<use /Users/tejasmacipad/Downloads/WhatsApp Image 2025-10-15 at 05.19.04.jpeg>
Package pdftex.def Info: /Users/tejasmacipad/Downloads/WhatsApp Image 2025-10-15 at 05.19.04.jpeg  used on input line 570.
(pdftex.def)             Requested size: 362.37569pt x 65.5287pt.
</Users/tejasmacipad/Downloads/WhatsApp Image 2025-10-15 at 05.20.44.jpeg, id=398, 1503.6175pt x 1027.84pt>
File: /Users/tejasmacipad/Downloads/WhatsApp Image 2025-10-15 at 05.20.44.jpeg Graphic file (type jpg)
<use /Users/tejasmacipad/Downloads/WhatsApp Image 2025-10-15 at 05.20.44.jpeg>
Package pdftex.def Info: /Users/tejasmacipad/Downloads/WhatsApp Image 2025-10-15 at 05.20.44.jpeg  used on input line 579.
(pdftex.def)             Requested size: 362.37569pt x 247.70607pt.
 [41 </Users/tejasmacipad/Downloads/WhatsApp Image 2025-10-15 at 05.14.42.jpeg> </Users/tejasmacipad/Downloads/WhatsApp Image 2025-10-15 at 05.19.04.jpeg>]
</Users/tejasmacipad/Downloads/WhatsApp Image 2025-10-15 at 05.21.57.jpeg, id=405, 2951.025pt x 1481.535pt>
File: /Users/tejasmacipad/Downloads/WhatsApp Image 2025-10-15 at 05.21.57.jpeg Graphic file (type jpg)
<use /Users/tejasmacipad/Downloads/WhatsApp Image 2025-10-15 at 05.21.57.jpeg>
Package pdftex.def Info: /Users/tejasmacipad/Downloads/WhatsApp Image 2025-10-15 at 05.21.57.jpeg  used on input line 588.
(pdftex.def)             Requested size: 362.37569pt x 181.9135pt.
File: /Users/tejasmacipad/Downloads/WhatsApp Image 2025-10-15 at 05.21.57.jpeg Graphic file (type jpg)
<use /Users/tejasmacipad/Downloads/WhatsApp Image 2025-10-15 at 05.21.57.jpeg>
Package pdftex.def Info: /Users/tejasmacipad/Downloads/WhatsApp Image 2025-10-15 at 05.21.57.jpeg  used on input line 597.
(pdftex.def)             Requested size: 362.37569pt x 181.9135pt.
 [42 </Users/tejasmacipad/Downloads/WhatsApp Image 2025-10-15 at 05.20.44.jpeg> </Users/tejasmacipad/Downloads/WhatsApp Image 2025-10-15 at 05.21.57.jpeg>]
</Users/tejasmacipad/Downloads/WhatsApp Image 2025-10-15 at 05.25.50.jpeg, id=414, 1284.8pt x 679.53876pt>
File: /Users/tejasmacipad/Downloads/WhatsApp Image 2025-10-15 at 05.25.50.jpeg Graphic file (type jpg)
<use /Users/tejasmacipad/Downloads/WhatsApp Image 2025-10-15 at 05.25.50.jpeg>
Package pdftex.def Info: /Users/tejasmacipad/Downloads/WhatsApp Image 2025-10-15 at 05.25.50.jpeg  used on input line 614.
(pdftex.def)             Requested size: 362.37569pt x 191.65898pt.
</Users/tejasmacipad/Downloads/WhatsApp Image 2025-10-15 at 05.27.45.jpeg, id=415, 2910.875pt x 1423.3175pt>
File: /Users/tejasmacipad/Downloads/WhatsApp Image 2025-10-15 at 05.27.45.jpeg Graphic file (type jpg)
<use /Users/tejasmacipad/Downloads/WhatsApp Image 2025-10-15 at 05.27.45.jpeg>
Package pdftex.def Info: /Users/tejasmacipad/Downloads/WhatsApp Image 2025-10-15 at 05.27.45.jpeg  used on input line 621.
(pdftex.def)             Requested size: 362.37569pt x 177.17583pt.
 [43{/usr/local/texlive/2024/texmf-dist/fonts/enc/dvips/lm/lm-mathit.enc}{/usr/local/texlive/2024/texmf-dist/fonts/enc/dvips/lm/lm-rm.enc}{/usr/local/texlive/2024/texmf-dist/fonts/enc/dvips/lm/lm-mathex.enc}{/usr/local/texlive/2024/texmf-dist/fonts/enc/dvips/lm/lm-mathsy.enc} </Users/tejasmacipad/Downloads/WhatsApp Image 2025-10-15 at 05.25.50.jpeg>]
</Users/tejasmacipad/Downloads/WhatsApp Image 2025-10-15 at 05.29.30.jpeg, id=429, 2951.025pt x 1465.475pt>
File: /Users/tejasmacipad/Downloads/WhatsApp Image 2025-10-15 at 05.29.30.jpeg Graphic file (type jpg)
<use /Users/tejasmacipad/Downloads/WhatsApp Image 2025-10-15 at 05.29.30.jpeg>
Package pdftex.def Info: /Users/tejasmacipad/Downloads/WhatsApp Image 2025-10-15 at 05.29.30.jpeg  used on input line 628.
(pdftex.def)             Requested size: 362.37569pt x 179.94153pt.
 [44 </Users/tejasmacipad/Downloads/WhatsApp Image 2025-10-15 at 05.27.45.jpeg> </Users/tejasmacipad/Downloads/WhatsApp Image 2025-10-15 at 05.29.30.jpeg>]
</Users/tejasmacipad/Downloads/WhatsApp Image 2025-10-19 at 15.38.52.jpeg, id=436, 1393.205pt x 1517.67pt>
File: /Users/tejasmacipad/Downloads/WhatsApp Image 2025-10-19 at 15.38.52.jpeg Graphic file (type jpg)
<use /Users/tejasmacipad/Downloads/WhatsApp Image 2025-10-19 at 15.38.52.jpeg>
Package pdftex.def Info: /Users/tejasmacipad/Downloads/WhatsApp Image 2025-10-19 at 15.38.52.jpeg  used on input line 642.
(pdftex.def)             Requested size: 362.37569pt x 394.747pt.
</Users/tejasmacipad/Downloads/WhatsApp Image 2025-10-19 at 14.23.43.jpeg, id=437, 1606.0pt x 1158.3275pt>
File: /Users/tejasmacipad/Downloads/WhatsApp Image 2025-10-19 at 14.23.43.jpeg Graphic file (type jpg)
<use /Users/tejasmacipad/Downloads/WhatsApp Image 2025-10-19 at 14.23.43.jpeg>
Package pdftex.def Info: /Users/tejasmacipad/Downloads/WhatsApp Image 2025-10-19 at 14.23.43.jpeg  used on input line 651.
(pdftex.def)             Requested size: 362.37569pt x 261.35477pt.
 [45

 </Users/tejasmacipad/Downloads/WhatsApp Image 2025-10-19 at 15.38.52.jpeg>]
</Users/tejasmacipad/Downloads/WhatsApp Image 2025-10-19 at 14.29.12.jpeg, id=443, 1328.965pt x 1485.55pt>
File: /Users/tejasmacipad/Downloads/WhatsApp Image 2025-10-19 at 14.29.12.jpeg Graphic file (type jpg)
<use /Users/tejasmacipad/Downloads/WhatsApp Image 2025-10-19 at 14.29.12.jpeg>
Package pdftex.def Info: /Users/tejasmacipad/Downloads/WhatsApp Image 2025-10-19 at 14.29.12.jpeg  used on input line 660.
(pdftex.def)             Requested size: 362.37569pt x 405.0707pt.
 [46 </Users/tejasmacipad/Downloads/WhatsApp Image 2025-10-19 at 14.23.43.jpeg>]
</Users/tejasmacipad/Downloads/WhatsApp Image 2025-10-19 at 20.45.42.jpeg, id=449, 1266.7325pt x 218.8175pt>
File: /Users/tejasmacipad/Downloads/WhatsApp Image 2025-10-19 at 20.45.42.jpeg Graphic file (type jpg)
<use /Users/tejasmacipad/Downloads/WhatsApp Image 2025-10-19 at 20.45.42.jpeg>
Package pdftex.def Info: /Users/tejasmacipad/Downloads/WhatsApp Image 2025-10-19 at 20.45.42.jpeg  used on input line 669.
(pdftex.def)             Requested size: 362.37569pt x 62.59735pt.
</Users/tejasmacipad/Downloads/WhatsApp Image 2025-10-19 at 14.40.17.jpeg, id=450, 1606.0pt x 1069.9975pt>
File: /Users/tejasmacipad/Downloads/WhatsApp Image 2025-10-19 at 14.40.17.jpeg Graphic file (type jpg)
<use /Users/tejasmacipad/Downloads/WhatsApp Image 2025-10-19 at 14.40.17.jpeg>
Package pdftex.def Info: /Users/tejasmacipad/Downloads/WhatsApp Image 2025-10-19 at 14.40.17.jpeg  used on input line 678.
(pdftex.def)             Requested size: 362.37569pt x 241.42477pt.
 [47 </Users/tejasmacipad/Downloads/WhatsApp Image 2025-10-19 at 14.29.12.jpeg> </Users/tejasmacipad/Downloads/WhatsApp Image 2025-10-19 at 20.45.42.jpeg>]
</Users/tejasmacipad/Downloads/WhatsApp Image 2025-10-19 at 14.51.20.jpeg, id=457, 2951.025pt x 1509.64pt>
File: /Users/tejasmacipad/Downloads/WhatsApp Image 2025-10-19 at 14.51.20.jpeg Graphic file (type jpg)
<use /Users/tejasmacipad/Downloads/WhatsApp Image 2025-10-19 at 14.51.20.jpeg>
Package pdftex.def Info: /Users/tejasmacipad/Downloads/WhatsApp Image 2025-10-19 at 14.51.20.jpeg  used on input line 687.
(pdftex.def)             Requested size: 362.37569pt x 185.36443pt.
</Users/tejasmacipad/Downloads/WhatsApp Image 2025-10-19 at 15.29.08.jpeg, id=458, 2936.9725pt x 1479.5275pt>
File: /Users/tejasmacipad/Downloads/WhatsApp Image 2025-10-19 at 15.29.08.jpeg Graphic file (type jpg)
<use /Users/tejasmacipad/Downloads/WhatsApp Image 2025-10-19 at 15.29.08.jpeg>
Package pdftex.def Info: /Users/tejasmacipad/Downloads/WhatsApp Image 2025-10-19 at 15.29.08.jpeg  used on input line 696.
(pdftex.def)             Requested size: 362.37569pt x 182.54745pt.
 [48 </Users/tejasmacipad/Downloads/WhatsApp Image 2025-10-19 at 14.40.17.jpeg> </Users/tejasmacipad/Downloads/WhatsApp Image 2025-10-19 at 14.51.20.jpeg>]
</Users/tejasmacipad/Downloads/WhatsApp Image 2025-10-19 at 15.29.29.jpeg, id=466, 2951.025pt x 1469.49pt>
File: /Users/tejasmacipad/Downloads/WhatsApp Image 2025-10-19 at 15.29.29.jpeg Graphic file (type jpg)
<use /Users/tejasmacipad/Downloads/WhatsApp Image 2025-10-19 at 15.29.29.jpeg>
Package pdftex.def Info: /Users/tejasmacipad/Downloads/WhatsApp Image 2025-10-19 at 15.29.29.jpeg  used on input line 704.
(pdftex.def)             Requested size: 362.37569pt x 180.43452pt.
</Users/tejasmacipad/Downloads/WhatsApp Image 2025-10-19 at 14.45.32.jpeg, id=467, 2951.025pt x 1517.67pt>
File: /Users/tejasmacipad/Downloads/WhatsApp Image 2025-10-19 at 14.45.32.jpeg Graphic file (type jpg)
<use /Users/tejasmacipad/Downloads/WhatsApp Image 2025-10-19 at 14.45.32.jpeg>
Package pdftex.def Info: /Users/tejasmacipad/Downloads/WhatsApp Image 2025-10-19 at 14.45.32.jpeg  used on input line 711.
(pdftex.def)             Requested size: 362.37569pt x 186.3504pt.
 [49 </Users/tejasmacipad/Downloads/WhatsApp Image 2025-10-19 at 15.29.08.jpeg> </Users/tejasmacipad/Downloads/WhatsApp Image 2025-10-19 at 15.29.29.jpeg> </Users/tejasmacipad/Downloads/WhatsApp Image 2025-10-19 at 14.45.32.jpeg>] [50]
</Users/tejasmacipad/Downloads/WhatsApp Image 2025-10-19 at 15.43.51.jpeg, id=479, 1429.34pt x 1519.6775pt>
File: /Users/tejasmacipad/Downloads/WhatsApp Image 2025-10-19 at 15.43.51.jpeg Graphic file (type jpg)
<use /Users/tejasmacipad/Downloads/WhatsApp Image 2025-10-19 at 15.43.51.jpeg>
Package pdftex.def Info: /Users/tejasmacipad/Downloads/WhatsApp Image 2025-10-19 at 15.43.51.jpeg  used on input line 724.
(pdftex.def)             Requested size: 362.37569pt x 385.27496pt.
</Users/tejasmacipad/Downloads/WhatsApp Image 2025-10-19 at 15.45.09.jpeg, id=480, 1395.2125pt x 1535.7375pt>
File: /Users/tejasmacipad/Downloads/WhatsApp Image 2025-10-19 at 15.45.09.jpeg Graphic file (type jpg)
<use /Users/tejasmacipad/Downloads/WhatsApp Image 2025-10-19 at 15.45.09.jpeg>
Package pdftex.def Info: /Users/tejasmacipad/Downloads/WhatsApp Image 2025-10-19 at 15.45.09.jpeg  used on input line 733.
(pdftex.def)             Requested size: 362.37569pt x 398.86053pt.
 [51

 </Users/tejasmacipad/Downloads/WhatsApp Image 2025-10-19 at 15.43.51.jpeg>]
</Users/tejasmacipad/Downloads/WhatsApp Image 2025-10-19 at 15.46.33.jpeg, id=486, 1228.59pt x 1407.2575pt>
File: /Users/tejasmacipad/Downloads/WhatsApp Image 2025-10-19 at 15.46.33.jpeg Graphic file (type jpg)
<use /Users/tejasmacipad/Downloads/WhatsApp Image 2025-10-19 at 15.46.33.jpeg>
Package pdftex.def Info: /Users/tejasmacipad/Downloads/WhatsApp Image 2025-10-19 at 15.46.33.jpeg  used on input line 742.
(pdftex.def)             Requested size: 362.37569pt x 415.07295pt.
 [52 </Users/tejasmacipad/Downloads/WhatsApp Image 2025-10-19 at 15.45.09.jpeg>]
</Users/tejasmacipad/Downloads/WhatsApp Image 2025-10-19 at 20.47.28.jpeg, id=492, 1232.605pt x 269.005pt>
File: /Users/tejasmacipad/Downloads/WhatsApp Image 2025-10-19 at 20.47.28.jpeg Graphic file (type jpg)
<use /Users/tejasmacipad/Downloads/WhatsApp Image 2025-10-19 at 20.47.28.jpeg>
Package pdftex.def Info: /Users/tejasmacipad/Downloads/WhatsApp Image 2025-10-19 at 20.47.28.jpeg  used on input line 751.
(pdftex.def)             Requested size: 362.37569pt x 79.08487pt.
</Users/tejasmacipad/Downloads/WhatsApp Image 2025-10-19 at 15.49.12.jpeg, id=493, 1577.895pt x 1001.7425pt>
File: /Users/tejasmacipad/Downloads/WhatsApp Image 2025-10-19 at 15.49.12.jpeg Graphic file (type jpg)
<use /Users/tejasmacipad/Downloads/WhatsApp Image 2025-10-19 at 15.49.12.jpeg>
Package pdftex.def Info: /Users/tejasmacipad/Downloads/WhatsApp Image 2025-10-19 at 15.49.12.jpeg  used on input line 760.
(pdftex.def)             Requested size: 362.37569pt x 230.05965pt.
 [53 </Users/tejasmacipad/Downloads/WhatsApp Image 2025-10-19 at 15.46.33.jpeg> </Users/tejasmacipad/Downloads/WhatsApp Image 2025-10-19 at 20.47.28.jpeg>]
</Users/tejasmacipad/Downloads/WhatsApp Image 2025-10-19 at 15.50.16.jpeg, id=500, 2951.025pt x 1521.685pt>
File: /Users/tejasmacipad/Downloads/WhatsApp Image 2025-10-19 at 15.50.16.jpeg Graphic file (type jpg)
<use /Users/tejasmacipad/Downloads/WhatsApp Image 2025-10-19 at 15.50.16.jpeg>
Package pdftex.def Info: /Users/tejasmacipad/Downloads/WhatsApp Image 2025-10-19 at 15.50.16.jpeg  used on input line 767.
(pdftex.def)             Requested size: 362.37569pt x 186.8434pt.
</Users/tejasmacipad/Downloads/WhatsApp Image 2025-10-19 at 17.13.30.jpeg, id=501, 2951.025pt x 1505.625pt>
File: /Users/tejasmacipad/Downloads/WhatsApp Image 2025-10-19 at 17.13.30.jpeg Graphic file (type jpg)
<use /Users/tejasmacipad/Downloads/WhatsApp Image 2025-10-19 at 17.13.30.jpeg>
Package pdftex.def Info: /Users/tejasmacipad/Downloads/WhatsApp Image 2025-10-19 at 17.13.30.jpeg  used on input line 774.
(pdftex.def)             Requested size: 362.37569pt x 184.87143pt.
 [54 </Users/tejasmacipad/Downloads/WhatsApp Image 2025-10-19 at 15.49.12.jpeg> </Users/tejasmacipad/Downloads/WhatsApp Image 2025-10-19 at 15.50.16.jpeg>]
</Users/tejasmacipad/Downloads/WhatsApp Image 2025-10-19 at 17.13.37.jpeg, id=510, 2951.025pt x 1501.61pt>
File: /Users/tejasmacipad/Downloads/WhatsApp Image 2025-10-19 at 17.13.37.jpeg Graphic file (type jpg)
<use /Users/tejasmacipad/Downloads/WhatsApp Image 2025-10-19 at 17.13.37.jpeg>
Package pdftex.def Info: /Users/tejasmacipad/Downloads/WhatsApp Image 2025-10-19 at 17.13.37.jpeg  used on input line 781.
(pdftex.def)             Requested size: 362.37569pt x 184.37845pt.
</Users/tejasmacipad/Downloads/WhatsApp Image 2025-10-19 at 17.15.58.jpeg, id=511, 2951.025pt x 1517.67pt>
File: /Users/tejasmacipad/Downloads/WhatsApp Image 2025-10-19 at 17.15.58.jpeg Graphic file (type jpg)
<use /Users/tejasmacipad/Downloads/WhatsApp Image 2025-10-19 at 17.15.58.jpeg>
Package pdftex.def Info: /Users/tejasmacipad/Downloads/WhatsApp Image 2025-10-19 at 17.15.58.jpeg  used on input line 788.
(pdftex.def)             Requested size: 362.37569pt x 186.3504pt.
 [55 </Users/tejasmacipad/Downloads/WhatsApp Image 2025-10-19 at 17.13.30.jpeg> </Users/tejasmacipad/Downloads/WhatsApp Image 2025-10-19 at 17.13.37.jpeg> </Users/tejasmacipad/Downloads/WhatsApp Image 2025-10-19 at 17.15.58.jpeg>]
Overfull \hbox (82.90892pt too wide) in paragraph at lines 803--812
 [][] 
 []

[56]
Overfull \hbox (30.38506pt too wide) in paragraph at lines 832--833
[]\T1/lmr/m/n/12 (-20) Reaching def-i-ni-tion (Wikipedia): [][]$\T1/lmtt/m/n/12 https : / / en . wikipedia . org / wiki / Reaching _ definition$[][] 
 []

[57] (./report.aux)
 ***********
LaTeX2e <2023-11-01> patch level 1
L3 programming layer <2024-02-20>
 ***********
Package rerunfilecheck Info: File `report.out' has not changed.
(rerunfilecheck)             Checksum: 19170E8916F5AD265A9545050CC00B27;2242.
 ) 
Here is how much of TeX's memory you used:
 17037 strings out of 474116
 292466 string characters out of 5743683
 1939187 words of memory out of 5000000
 38900 multiletter control sequences out of 15000+600000
 622545 words of font info for 149 fonts, out of 8000000 for 9000
 1141 hyphenation exceptions out of 8191
 75i,17n,79p,1278b,861s stack positions out of 10000i,1000n,20000p,200000b,200000s
</usr/local/texlive/2024/texmf-dist/fonts/type1/public/lm/lmbx10.pfb></usr/local/texlive/2024/texmf-dist/fonts/type1/public/lm/lmbx12.pfb></usr/local/texlive/2024/texmf-dist/fonts/type1/public/lm/lmex10.pfb></usr/local/texlive/2024/texmf-dist/fonts/type1/public/lm/lmmi12.pfb></usr/local/texlive/2024/texmf-dist/fonts/type1/public/lm/lmmi8.pfb></usr/local/texlive/2024/texmf-dist/fonts/type1/public/lm/lmr10.pfb></usr/local/texlive/2024/texmf-dist/fonts/type1/public/lm/lmr12.pfb></usr/local/texlive/2024/texmf-dist/fonts/type1/public/lm/lmr17.pfb></usr/local/texlive/2024/texmf-dist/fonts/type1/public/lm/lmr8.pfb></usr/local/texlive/2024/texmf-dist/fonts/type1/public/lm/lmssbx10.pfb></usr/local/texlive/2024/texmf-dist/fonts/type1/public/lm/lmsy10.pfb></usr/local/texlive/2024/texmf-dist/fonts/type1/public/lm/lmsy8.pfb></usr/local/texlive/2024/texmf-dist/fonts/type1/public/lm/lmtt12.pfb>
Output written on report.pdf (58 pages, 10876514 bytes).
PDF statistics:
 629 PDF objects out of 1000 (max. 8388607)
 425 compressed objects within 5 object streams
 109 named destinations out of 1000 (max. 500000)
 38310 words of extra memory for PDF output out of 42996 (max. 10000000)

